[0.064s] Invoking command in '/home/max/ros2_ws/build/action_tutorials_interfaces': CMAKE_PREFIX_PATH=${CMAKE_PREFIX_PATH}:/home/max/ros2_ws/install/py_srvcli:/home/max/ros2_ws/install/py_pubsub:/opt/ros/humble /usr/bin/cmake --build /home/max/ros2_ws/build/action_tutorials_interfaces -- -j2 -l2
[0.183s] [  3%] Built target action_tutorials_interfaces__cpp
[0.195s] [ 12%] Built target action_tutorials_interfaces__rosidl_generator_c
[0.291s] [ 22%] Built target action_tutorials_interfaces__rosidl_typesupport_cpp
[0.351s] [ 22%] Built target ament_cmake_python_copy_action_tutorials_interfaces
[0.355s] [ 32%] Built target action_tutorials_interfaces__rosidl_typesupport_fastrtps_c
[0.404s] [ 41%] Built target action_tutorials_interfaces__rosidl_typesupport_introspection_c
[0.421s] [ 51%] Built target action_tutorials_interfaces__rosidl_typesupport_c
[0.476s] [ 61%] Built target action_tutorials_interfaces__rosidl_typesupport_fastrtps_cpp
[0.494s] [ 70%] Built target action_tutorials_interfaces__rosidl_typesupport_introspection_cpp
[0.583s] [ 70%] Built target action_tutorials_interfaces
[0.692s] [ 74%] Built target action_tutorials_interfaces__py
[0.812s] [ 80%] Built target action_tutorials_interfaces__rosidl_generator_py
[0.919s] [ 87%] Built target action_tutorials_interfaces__rosidl_typesupport_fastrtps_c__pyext
[0.927s] running egg_info
[0.928s] writing action_tutorials_interfaces.egg-info/PKG-INFO
[0.929s] writing dependency_links to action_tutorials_interfaces.egg-info/dependency_links.txt
[0.929s] writing top-level names to action_tutorials_interfaces.egg-info/top_level.txt
[0.933s] reading manifest file 'action_tutorials_interfaces.egg-info/SOURCES.txt'
[0.934s] writing manifest file 'action_tutorials_interfaces.egg-info/SOURCES.txt'
[0.962s] [ 87%] Built target ament_cmake_python_build_action_tutorials_interfaces_egg
[0.965s] [ 93%] Built target action_tutorials_interfaces__rosidl_typesupport_introspection_c__pyext
[1.001s] [100%] Built target action_tutorials_interfaces__rosidl_typesupport_c__pyext
