[0.399s] Invoking command in '/home/max/ros2_ws/src/py_srvcli': PYTHONPATH=/home/max/ros2_ws/src/py_srvcli/install/py_srvcli/lib/python3.10/site-packages:${PYTHONPATH} /usr/bin/python3 setup.py egg_info --egg-base build/py_srvcli build --build-base /home/max/ros2_ws/src/py_srvcli/build/py_srvcli/build install --prefix /home/max/ros2_ws/src/py_srvcli/install/py_srvcli --record /home/max/ros2_ws/src/py_srvcli/build/py_srvcli/install.log --single-version-externally-managed
[0.548s] running egg_info
[0.548s] creating build/py_srvcli/py_srvcli.egg-info
[0.549s] writing build/py_srvcli/py_srvcli.egg-info/PKG-INFO
[0.549s] writing dependency_links to build/py_srvcli/py_srvcli.egg-info/dependency_links.txt
[0.549s] writing entry points to build/py_srvcli/py_srvcli.egg-info/entry_points.txt
[0.549s] writing requirements to build/py_srvcli/py_srvcli.egg-info/requires.txt
[0.549s] writing top-level names to build/py_srvcli/py_srvcli.egg-info/top_level.txt
[0.550s] writing manifest file 'build/py_srvcli/py_srvcli.egg-info/SOURCES.txt'
[0.551s] reading manifest file 'build/py_srvcli/py_srvcli.egg-info/SOURCES.txt'
[0.552s] writing manifest file 'build/py_srvcli/py_srvcli.egg-info/SOURCES.txt'
[0.552s] running build
[0.552s] running build_py
[0.552s] creating /home/max/ros2_ws/src/py_srvcli/build/py_srvcli/build
[0.552s] creating /home/max/ros2_ws/src/py_srvcli/build/py_srvcli/build/lib
[0.553s] creating /home/max/ros2_ws/src/py_srvcli/build/py_srvcli/build/lib/py_srvcli
[0.553s] copying py_srvcli/service_member_function.py -> /home/max/ros2_ws/src/py_srvcli/build/py_srvcli/build/lib/py_srvcli
[0.553s] copying py_srvcli/client_member_function.py -> /home/max/ros2_ws/src/py_srvcli/build/py_srvcli/build/lib/py_srvcli
[0.553s] copying py_srvcli/__init__.py -> /home/max/ros2_ws/src/py_srvcli/build/py_srvcli/build/lib/py_srvcli
[0.553s] running install
[0.554s] /usr/lib/python3/dist-packages/setuptools/command/install.py:34: SetuptoolsDeprecationWarning: setup.py install is deprecated. Use build and pip and other standards-based tools.
[0.554s]   warnings.warn(
[0.554s] running install_lib
[0.554s] creating /home/max/ros2_ws/src/py_srvcli/install/py_srvcli/lib/python3.10/site-packages/py_srvcli
[0.555s] copying /home/max/ros2_ws/src/py_srvcli/build/py_srvcli/build/lib/py_srvcli/service_member_function.py -> /home/max/ros2_ws/src/py_srvcli/install/py_srvcli/lib/python3.10/site-packages/py_srvcli
[0.555s] copying /home/max/ros2_ws/src/py_srvcli/build/py_srvcli/build/lib/py_srvcli/client_member_function.py -> /home/max/ros2_ws/src/py_srvcli/install/py_srvcli/lib/python3.10/site-packages/py_srvcli
[0.555s] copying /home/max/ros2_ws/src/py_srvcli/build/py_srvcli/build/lib/py_srvcli/__init__.py -> /home/max/ros2_ws/src/py_srvcli/install/py_srvcli/lib/python3.10/site-packages/py_srvcli
[0.555s] byte-compiling /home/max/ros2_ws/src/py_srvcli/install/py_srvcli/lib/python3.10/site-packages/py_srvcli/service_member_function.py to service_member_function.cpython-310.pyc
[0.556s] byte-compiling /home/max/ros2_ws/src/py_srvcli/install/py_srvcli/lib/python3.10/site-packages/py_srvcli/client_member_function.py to client_member_function.cpython-310.pyc
[0.556s] byte-compiling /home/max/ros2_ws/src/py_srvcli/install/py_srvcli/lib/python3.10/site-packages/py_srvcli/__init__.py to __init__.cpython-310.pyc
[0.556s] running install_data
[0.557s] creating /home/max/ros2_ws/src/py_srvcli/install/py_srvcli/share/ament_index
[0.557s] creating /home/max/ros2_ws/src/py_srvcli/install/py_srvcli/share/ament_index/resource_index
[0.557s] creating /home/max/ros2_ws/src/py_srvcli/install/py_srvcli/share/ament_index/resource_index/packages
[0.557s] copying resource/py_srvcli -> /home/max/ros2_ws/src/py_srvcli/install/py_srvcli/share/ament_index/resource_index/packages
[0.557s] copying package.xml -> /home/max/ros2_ws/src/py_srvcli/install/py_srvcli/share/py_srvcli
[0.558s] running install_egg_info
[0.559s] Copying build/py_srvcli/py_srvcli.egg-info to /home/max/ros2_ws/src/py_srvcli/install/py_srvcli/lib/python3.10/site-packages/py_srvcli-0.0.0-py3.10.egg-info
[0.560s] running install_scripts
[0.573s] Installing client script to /home/max/ros2_ws/src/py_srvcli/install/py_srvcli/lib/py_srvcli
[0.574s] Installing service script to /home/max/ros2_ws/src/py_srvcli/install/py_srvcli/lib/py_srvcli
[0.574s] writing list of installed files to '/home/max/ros2_ws/src/py_srvcli/build/py_srvcli/install.log'
[0.588s] Invoked command in '/home/max/ros2_ws/src/py_srvcli' returned '0': PYTHONPATH=/home/max/ros2_ws/src/py_srvcli/install/py_srvcli/lib/python3.10/site-packages:${PYTHONPATH} /usr/bin/python3 setup.py egg_info --egg-base build/py_srvcli build --build-base /home/max/ros2_ws/src/py_srvcli/build/py_srvcli/build install --prefix /home/max/ros2_ws/src/py_srvcli/install/py_srvcli --record /home/max/ros2_ws/src/py_srvcli/build/py_srvcli/install.log --single-version-externally-managed
