[0.532s] Invoking command in '/home/max/ros2_ws/src/py_srvcli': AMENT_PREFIX_PATH=/home/max/ros2_ws/install/tutorial_interfaces:${AMENT_PREFIX_PATH} CMAKE_PREFIX_PATH=/home/max/ros2_ws/install/tutorial_interfaces:${CMAKE_PREFIX_PATH} LD_LIBRARY_PATH=/home/max/ros2_ws/install/tutorial_interfaces/lib:${LD_LIBRARY_PATH} PYTHONPATH=/home/max/ros2_ws/install/py_srvcli/lib/python3.10/site-packages:/home/max/ros2_ws/install/tutorial_interfaces/local/lib/python3.10/dist-packages:${PYTHONPATH} /usr/bin/python3 setup.py egg_info --egg-base ../../build/py_srvcli build --build-base /home/max/ros2_ws/build/py_srvcli/build install --prefix /home/max/ros2_ws/install/py_srvcli --record /home/max/ros2_ws/build/py_srvcli/install.log --single-version-externally-managed
[0.681s] running egg_info
[0.681s] writing ../../build/py_srvcli/py_srvcli.egg-info/PKG-INFO
[0.682s] writing dependency_links to ../../build/py_srvcli/py_srvcli.egg-info/dependency_links.txt
[0.682s] writing entry points to ../../build/py_srvcli/py_srvcli.egg-info/entry_points.txt
[0.682s] writing requirements to ../../build/py_srvcli/py_srvcli.egg-info/requires.txt
[0.682s] writing top-level names to ../../build/py_srvcli/py_srvcli.egg-info/top_level.txt
[0.684s] reading manifest file '../../build/py_srvcli/py_srvcli.egg-info/SOURCES.txt'
[0.684s] writing manifest file '../../build/py_srvcli/py_srvcli.egg-info/SOURCES.txt'
[0.684s] running build
[0.684s] running build_py
[0.685s] copying py_srvcli/service_member_function.py -> /home/max/ros2_ws/build/py_srvcli/build/lib/py_srvcli
[0.685s] copying py_srvcli/client_member_function.py -> /home/max/ros2_ws/build/py_srvcli/build/lib/py_srvcli
[0.685s] running install
[0.685s] /usr/lib/python3/dist-packages/setuptools/command/install.py:34: SetuptoolsDeprecationWarning: setup.py install is deprecated. Use build and pip and other standards-based tools.
[0.685s]   warnings.warn(
[0.686s] running install_lib
[0.686s] copying /home/max/ros2_ws/build/py_srvcli/build/lib/py_srvcli/service_member_function.py -> /home/max/ros2_ws/install/py_srvcli/lib/python3.10/site-packages/py_srvcli
[0.686s] copying /home/max/ros2_ws/build/py_srvcli/build/lib/py_srvcli/client_member_function.py -> /home/max/ros2_ws/install/py_srvcli/lib/python3.10/site-packages/py_srvcli
[0.687s] byte-compiling /home/max/ros2_ws/install/py_srvcli/lib/python3.10/site-packages/py_srvcli/service_member_function.py to service_member_function.cpython-310.pyc
[0.687s] byte-compiling /home/max/ros2_ws/install/py_srvcli/lib/python3.10/site-packages/py_srvcli/client_member_function.py to client_member_function.cpython-310.pyc
[0.688s] running install_data
[0.688s] copying package.xml -> /home/max/ros2_ws/install/py_srvcli/share/py_srvcli
[0.688s] running install_egg_info
[0.689s] removing '/home/max/ros2_ws/install/py_srvcli/lib/python3.10/site-packages/py_srvcli-0.0.0-py3.10.egg-info' (and everything under it)
[0.690s] Copying ../../build/py_srvcli/py_srvcli.egg-info to /home/max/ros2_ws/install/py_srvcli/lib/python3.10/site-packages/py_srvcli-0.0.0-py3.10.egg-info
[0.690s] running install_scripts
[0.704s] Installing client script to /home/max/ros2_ws/install/py_srvcli/lib/py_srvcli
[0.704s] Installing service script to /home/max/ros2_ws/install/py_srvcli/lib/py_srvcli
[0.705s] writing list of installed files to '/home/max/ros2_ws/build/py_srvcli/install.log'
[0.720s] Invoked command in '/home/max/ros2_ws/src/py_srvcli' returned '0': AMENT_PREFIX_PATH=/home/max/ros2_ws/install/tutorial_interfaces:${AMENT_PREFIX_PATH} CMAKE_PREFIX_PATH=/home/max/ros2_ws/install/tutorial_interfaces:${CMAKE_PREFIX_PATH} LD_LIBRARY_PATH=/home/max/ros2_ws/install/tutorial_interfaces/lib:${LD_LIBRARY_PATH} PYTHONPATH=/home/max/ros2_ws/install/py_srvcli/lib/python3.10/site-packages:/home/max/ros2_ws/install/tutorial_interfaces/local/lib/python3.10/dist-packages:${PYTHONPATH} /usr/bin/python3 setup.py egg_info --egg-base ../../build/py_srvcli build --build-base /home/max/ros2_ws/build/py_srvcli/build install --prefix /home/max/ros2_ws/install/py_srvcli --record /home/max/ros2_ws/build/py_srvcli/install.log --single-version-externally-managed
