[0.476s] Invoking command in '/home/max/ros2_ws/src/py_pubsub': PYTHONPATH=/home/max/ros2_ws/install/py_pubsub/lib/python3.10/site-packages:${PYTHONPATH} /usr/bin/python3 setup.py egg_info --egg-base ../../build/py_pubsub build --build-base /home/max/ros2_ws/build/py_pubsub/build install --prefix /home/max/ros2_ws/install/py_pubsub --record /home/max/ros2_ws/build/py_pubsub/install.log --single-version-externally-managed
[0.638s] running egg_info
[0.639s] creating ../../build/py_pubsub/py_pubsub.egg-info
[0.639s] writing ../../build/py_pubsub/py_pubsub.egg-info/PKG-INFO
[0.639s] writing dependency_links to ../../build/py_pubsub/py_pubsub.egg-info/dependency_links.txt
[0.639s] writing entry points to ../../build/py_pubsub/py_pubsub.egg-info/entry_points.txt
[0.639s] writing requirements to ../../build/py_pubsub/py_pubsub.egg-info/requires.txt
[0.639s] writing top-level names to ../../build/py_pubsub/py_pubsub.egg-info/top_level.txt
[0.640s] writing manifest file '../../build/py_pubsub/py_pubsub.egg-info/SOURCES.txt'
[0.641s] reading manifest file '../../build/py_pubsub/py_pubsub.egg-info/SOURCES.txt'
[0.642s] writing manifest file '../../build/py_pubsub/py_pubsub.egg-info/SOURCES.txt'
[0.642s] running build
[0.642s] running build_py
[0.642s] creating /home/max/ros2_ws/build/py_pubsub/build
[0.642s] creating /home/max/ros2_ws/build/py_pubsub/build/lib
[0.643s] creating /home/max/ros2_ws/build/py_pubsub/build/lib/py_pubsub
[0.643s] copying py_pubsub/__init__.py -> /home/max/ros2_ws/build/py_pubsub/build/lib/py_pubsub
[0.643s] copying py_pubsub/subscriber_member_function.py -> /home/max/ros2_ws/build/py_pubsub/build/lib/py_pubsub
[0.643s] copying py_pubsub/publisher_member_function.py -> /home/max/ros2_ws/build/py_pubsub/build/lib/py_pubsub
[0.643s] running install
[0.643s] /usr/lib/python3/dist-packages/setuptools/command/install.py:34: SetuptoolsDeprecationWarning: setup.py install is deprecated. Use build and pip and other standards-based tools.
[0.644s]   warnings.warn(
[0.644s] running install_lib
[0.645s] creating /home/max/ros2_ws/install/py_pubsub/lib/python3.10/site-packages/py_pubsub
[0.645s] copying /home/max/ros2_ws/build/py_pubsub/build/lib/py_pubsub/__init__.py -> /home/max/ros2_ws/install/py_pubsub/lib/python3.10/site-packages/py_pubsub
[0.645s] copying /home/max/ros2_ws/build/py_pubsub/build/lib/py_pubsub/subscriber_member_function.py -> /home/max/ros2_ws/install/py_pubsub/lib/python3.10/site-packages/py_pubsub
[0.645s] copying /home/max/ros2_ws/build/py_pubsub/build/lib/py_pubsub/publisher_member_function.py -> /home/max/ros2_ws/install/py_pubsub/lib/python3.10/site-packages/py_pubsub
[0.645s] byte-compiling /home/max/ros2_ws/install/py_pubsub/lib/python3.10/site-packages/py_pubsub/__init__.py to __init__.cpython-310.pyc
[0.646s] byte-compiling /home/max/ros2_ws/install/py_pubsub/lib/python3.10/site-packages/py_pubsub/subscriber_member_function.py to subscriber_member_function.cpython-310.pyc
[0.646s] byte-compiling /home/max/ros2_ws/install/py_pubsub/lib/python3.10/site-packages/py_pubsub/publisher_member_function.py to publisher_member_function.cpython-310.pyc
[0.647s] running install_data
[0.647s] creating /home/max/ros2_ws/install/py_pubsub/share/ament_index
[0.648s] creating /home/max/ros2_ws/install/py_pubsub/share/ament_index/resource_index
[0.648s] creating /home/max/ros2_ws/install/py_pubsub/share/ament_index/resource_index/packages
[0.648s] copying resource/py_pubsub -> /home/max/ros2_ws/install/py_pubsub/share/ament_index/resource_index/packages
[0.648s] copying package.xml -> /home/max/ros2_ws/install/py_pubsub/share/py_pubsub
[0.648s] running install_egg_info
[0.649s] Copying ../../build/py_pubsub/py_pubsub.egg-info to /home/max/ros2_ws/install/py_pubsub/lib/python3.10/site-packages/py_pubsub-0.0.0-py3.10.egg-info
[0.650s] running install_scripts
[0.676s] Installing listener script to /home/max/ros2_ws/install/py_pubsub/lib/py_pubsub
[0.676s] Installing talker script to /home/max/ros2_ws/install/py_pubsub/lib/py_pubsub
[0.677s] writing list of installed files to '/home/max/ros2_ws/build/py_pubsub/install.log'
[0.695s] Invoked command in '/home/max/ros2_ws/src/py_pubsub' returned '0': PYTHONPATH=/home/max/ros2_ws/install/py_pubsub/lib/python3.10/site-packages:${PYTHONPATH} /usr/bin/python3 setup.py egg_info --egg-base ../../build/py_pubsub build --build-base /home/max/ros2_ws/build/py_pubsub/build install --prefix /home/max/ros2_ws/install/py_pubsub --record /home/max/ros2_ws/build/py_pubsub/install.log --single-version-externally-managed
