[0.234s] DEBUG:colcon:Command line arguments: ['/usr/bin/colcon', 'build']
[0.234s] DEBUG:colcon:Parsed command line arguments: Namespace(log_base=None, log_level=None, verb_name='build', build_base='build', install_base='install', merge_install=False, symlink_install=False, test_result_base=None, continue_on_error=False, executor='parallel', parallel_workers=2, event_handlers=None, ignore_user_meta=False, metas=['./colcon.meta'], base_paths=['.'], packages_ignore=None, packages_ignore_regex=None, paths=None, packages_up_to=None, packages_up_to_regex=None, packages_above=None, packages_above_and_dependencies=None, packages_above_depth=None, packages_select_by_dep=None, packages_skip_by_dep=None, packages_skip_up_to=None, packages_select_build_failed=False, packages_skip_build_finished=False, packages_select_test_failures=False, packages_skip_test_passed=False, packages_select=None, packages_skip=None, packages_select_regex=None, packages_skip_regex=None, packages_start=None, packages_end=None, allow_overriding=[], cmake_args=None, cmake_target=None, cmake_target_skip_unavailable=False, cmake_clean_cache=False, cmake_clean_first=False, cmake_force_configure=False, ament_cmake_args=None, catkin_cmake_args=None, catkin_skip_building_tests=False, verb_parser=<colcon_defaults.argument_parser.defaults.DefaultArgumentsDecorator object at 0x7f59290d23e0>, verb_extension=<colcon_core.verb.build.BuildVerb object at 0x7f5929a18d00>, main=<bound method BuildVerb.main of <colcon_core.verb.build.BuildVerb object at 0x7f5929a18d00>>)
[0.252s] Level 1:colcon.colcon_core.package_discovery:discover_packages(colcon_meta) check parameters
[0.252s] Level 1:colcon.colcon_core.package_discovery:discover_packages(recursive) check parameters
[0.252s] Level 1:colcon.colcon_core.package_discovery:discover_packages(ignore) check parameters
[0.252s] Level 1:colcon.colcon_core.package_discovery:discover_packages(path) check parameters
[0.252s] Level 1:colcon.colcon_core.package_discovery:discover_packages(colcon_meta) discover
[0.252s] Level 1:colcon.colcon_core.package_discovery:discover_packages(recursive) discover
[0.252s] INFO:colcon.colcon_core.package_discovery:Crawling recursively for packages in '/home/max/ros2_ws'
[0.252s] Level 1:colcon.colcon_core.package_identification:_identify(.) by extensions ['ignore', 'ignore_ament_install']
[0.252s] Level 1:colcon.colcon_core.package_identification:_identify(.) by extension 'ignore'
[0.252s] Level 1:colcon.colcon_core.package_identification:_identify(.) by extension 'ignore_ament_install'
[0.252s] Level 1:colcon.colcon_core.package_identification:_identify(.) by extensions ['colcon_pkg']
[0.252s] Level 1:colcon.colcon_core.package_identification:_identify(.) by extension 'colcon_pkg'
[0.252s] Level 1:colcon.colcon_core.package_identification:_identify(.) by extensions ['colcon_meta']
[0.252s] Level 1:colcon.colcon_core.package_identification:_identify(.) by extension 'colcon_meta'
[0.252s] Level 1:colcon.colcon_core.package_identification:_identify(.) by extensions ['ros']
[0.252s] Level 1:colcon.colcon_core.package_identification:_identify(.) by extension 'ros'
[0.266s] Level 1:colcon.colcon_core.package_identification:_identify(.) by extensions ['cmake', 'python']
[0.267s] Level 1:colcon.colcon_core.package_identification:_identify(.) by extension 'cmake'
[0.267s] Level 1:colcon.colcon_core.package_identification:_identify(.) by extension 'python'
[0.267s] Level 1:colcon.colcon_core.package_identification:_identify(.) by extensions ['python_setup_py']
[0.267s] Level 1:colcon.colcon_core.package_identification:_identify(.) by extension 'python_setup_py'
[0.267s] Level 1:colcon.colcon_core.package_identification:_identify(build) by extensions ['ignore', 'ignore_ament_install']
[0.267s] Level 1:colcon.colcon_core.package_identification:_identify(build) by extension 'ignore'
[0.267s] Level 1:colcon.colcon_core.package_identification:_identify(build) ignored
[0.267s] Level 1:colcon.colcon_core.package_identification:_identify(install) by extensions ['ignore', 'ignore_ament_install']
[0.267s] Level 1:colcon.colcon_core.package_identification:_identify(install) by extension 'ignore'
[0.267s] Level 1:colcon.colcon_core.package_identification:_identify(install) ignored
[0.267s] Level 1:colcon.colcon_core.package_identification:_identify(launch) by extensions ['ignore', 'ignore_ament_install']
[0.267s] Level 1:colcon.colcon_core.package_identification:_identify(launch) by extension 'ignore'
[0.267s] Level 1:colcon.colcon_core.package_identification:_identify(launch) by extension 'ignore_ament_install'
[0.267s] Level 1:colcon.colcon_core.package_identification:_identify(launch) by extensions ['colcon_pkg']
[0.267s] Level 1:colcon.colcon_core.package_identification:_identify(launch) by extension 'colcon_pkg'
[0.267s] Level 1:colcon.colcon_core.package_identification:_identify(launch) by extensions ['colcon_meta']
[0.267s] Level 1:colcon.colcon_core.package_identification:_identify(launch) by extension 'colcon_meta'
[0.267s] Level 1:colcon.colcon_core.package_identification:_identify(launch) by extensions ['ros']
[0.267s] Level 1:colcon.colcon_core.package_identification:_identify(launch) by extension 'ros'
[0.267s] Level 1:colcon.colcon_core.package_identification:_identify(launch) by extensions ['cmake', 'python']
[0.267s] Level 1:colcon.colcon_core.package_identification:_identify(launch) by extension 'cmake'
[0.267s] Level 1:colcon.colcon_core.package_identification:_identify(launch) by extension 'python'
[0.267s] Level 1:colcon.colcon_core.package_identification:_identify(launch) by extensions ['python_setup_py']
[0.267s] Level 1:colcon.colcon_core.package_identification:_identify(launch) by extension 'python_setup_py'
[0.268s] Level 1:colcon.colcon_core.package_identification:_identify(launch/__pycache__) by extensions ['ignore', 'ignore_ament_install']
[0.268s] Level 1:colcon.colcon_core.package_identification:_identify(launch/__pycache__) by extension 'ignore'
[0.268s] Level 1:colcon.colcon_core.package_identification:_identify(launch/__pycache__) by extension 'ignore_ament_install'
[0.268s] Level 1:colcon.colcon_core.package_identification:_identify(launch/__pycache__) by extensions ['colcon_pkg']
[0.268s] Level 1:colcon.colcon_core.package_identification:_identify(launch/__pycache__) by extension 'colcon_pkg'
[0.268s] Level 1:colcon.colcon_core.package_identification:_identify(launch/__pycache__) by extensions ['colcon_meta']
[0.268s] Level 1:colcon.colcon_core.package_identification:_identify(launch/__pycache__) by extension 'colcon_meta'
[0.268s] Level 1:colcon.colcon_core.package_identification:_identify(launch/__pycache__) by extensions ['ros']
[0.268s] Level 1:colcon.colcon_core.package_identification:_identify(launch/__pycache__) by extension 'ros'
[0.268s] Level 1:colcon.colcon_core.package_identification:_identify(launch/__pycache__) by extensions ['cmake', 'python']
[0.268s] Level 1:colcon.colcon_core.package_identification:_identify(launch/__pycache__) by extension 'cmake'
[0.268s] Level 1:colcon.colcon_core.package_identification:_identify(launch/__pycache__) by extension 'python'
[0.268s] Level 1:colcon.colcon_core.package_identification:_identify(launch/__pycache__) by extensions ['python_setup_py']
[0.268s] Level 1:colcon.colcon_core.package_identification:_identify(launch/__pycache__) by extension 'python_setup_py'
[0.268s] Level 1:colcon.colcon_core.package_identification:_identify(launch_ws) by extensions ['ignore', 'ignore_ament_install']
[0.268s] Level 1:colcon.colcon_core.package_identification:_identify(launch_ws) by extension 'ignore'
[0.268s] Level 1:colcon.colcon_core.package_identification:_identify(launch_ws) by extension 'ignore_ament_install'
[0.268s] Level 1:colcon.colcon_core.package_identification:_identify(launch_ws) by extensions ['colcon_pkg']
[0.268s] Level 1:colcon.colcon_core.package_identification:_identify(launch_ws) by extension 'colcon_pkg'
[0.268s] Level 1:colcon.colcon_core.package_identification:_identify(launch_ws) by extensions ['colcon_meta']
[0.268s] Level 1:colcon.colcon_core.package_identification:_identify(launch_ws) by extension 'colcon_meta'
[0.268s] Level 1:colcon.colcon_core.package_identification:_identify(launch_ws) by extensions ['ros']
[0.268s] Level 1:colcon.colcon_core.package_identification:_identify(launch_ws) by extension 'ros'
[0.268s] Level 1:colcon.colcon_core.package_identification:_identify(launch_ws) by extensions ['cmake', 'python']
[0.268s] Level 1:colcon.colcon_core.package_identification:_identify(launch_ws) by extension 'cmake'
[0.268s] Level 1:colcon.colcon_core.package_identification:_identify(launch_ws) by extension 'python'
[0.268s] Level 1:colcon.colcon_core.package_identification:_identify(launch_ws) by extensions ['python_setup_py']
[0.268s] Level 1:colcon.colcon_core.package_identification:_identify(launch_ws) by extension 'python_setup_py'
[0.268s] Level 1:colcon.colcon_core.package_identification:_identify(launch_ws/src) by extensions ['ignore', 'ignore_ament_install']
[0.269s] Level 1:colcon.colcon_core.package_identification:_identify(launch_ws/src) by extension 'ignore'
[0.269s] Level 1:colcon.colcon_core.package_identification:_identify(launch_ws/src) by extension 'ignore_ament_install'
[0.269s] Level 1:colcon.colcon_core.package_identification:_identify(launch_ws/src) by extensions ['colcon_pkg']
[0.269s] Level 1:colcon.colcon_core.package_identification:_identify(launch_ws/src) by extension 'colcon_pkg'
[0.269s] Level 1:colcon.colcon_core.package_identification:_identify(launch_ws/src) by extensions ['colcon_meta']
[0.269s] Level 1:colcon.colcon_core.package_identification:_identify(launch_ws/src) by extension 'colcon_meta'
[0.269s] Level 1:colcon.colcon_core.package_identification:_identify(launch_ws/src) by extensions ['ros']
[0.269s] Level 1:colcon.colcon_core.package_identification:_identify(launch_ws/src) by extension 'ros'
[0.269s] Level 1:colcon.colcon_core.package_identification:_identify(launch_ws/src) by extensions ['cmake', 'python']
[0.269s] Level 1:colcon.colcon_core.package_identification:_identify(launch_ws/src) by extension 'cmake'
[0.269s] Level 1:colcon.colcon_core.package_identification:_identify(launch_ws/src) by extension 'python'
[0.269s] Level 1:colcon.colcon_core.package_identification:_identify(launch_ws/src) by extensions ['python_setup_py']
[0.269s] Level 1:colcon.colcon_core.package_identification:_identify(launch_ws/src) by extension 'python_setup_py'
[0.269s] Level 1:colcon.colcon_core.package_identification:_identify(launch_ws/src/py_launch_example) by extensions ['ignore', 'ignore_ament_install']
[0.269s] Level 1:colcon.colcon_core.package_identification:_identify(launch_ws/src/py_launch_example) by extension 'ignore'
[0.269s] Level 1:colcon.colcon_core.package_identification:_identify(launch_ws/src/py_launch_example) by extension 'ignore_ament_install'
[0.269s] Level 1:colcon.colcon_core.package_identification:_identify(launch_ws/src/py_launch_example) by extensions ['colcon_pkg']
[0.269s] Level 1:colcon.colcon_core.package_identification:_identify(launch_ws/src/py_launch_example) by extension 'colcon_pkg'
[0.269s] Level 1:colcon.colcon_core.package_identification:_identify(launch_ws/src/py_launch_example) by extensions ['colcon_meta']
[0.269s] Level 1:colcon.colcon_core.package_identification:_identify(launch_ws/src/py_launch_example) by extension 'colcon_meta'
[0.269s] Level 1:colcon.colcon_core.package_identification:_identify(launch_ws/src/py_launch_example) by extensions ['ros']
[0.269s] Level 1:colcon.colcon_core.package_identification:_identify(launch_ws/src/py_launch_example) by extension 'ros'
[0.271s] DEBUG:colcon.colcon_core.package_identification:Package 'launch_ws/src/py_launch_example' with type 'ros.ament_python' and name 'py_launch_example'
[0.271s] Level 1:colcon.colcon_core.package_identification:_identify(log) by extensions ['ignore', 'ignore_ament_install']
[0.271s] Level 1:colcon.colcon_core.package_identification:_identify(log) by extension 'ignore'
[0.271s] Level 1:colcon.colcon_core.package_identification:_identify(log) ignored
[0.271s] Level 1:colcon.colcon_core.package_identification:_identify(src) by extensions ['ignore', 'ignore_ament_install']
[0.271s] Level 1:colcon.colcon_core.package_identification:_identify(src) by extension 'ignore'
[0.271s] Level 1:colcon.colcon_core.package_identification:_identify(src) by extension 'ignore_ament_install'
[0.271s] Level 1:colcon.colcon_core.package_identification:_identify(src) by extensions ['colcon_pkg']
[0.271s] Level 1:colcon.colcon_core.package_identification:_identify(src) by extension 'colcon_pkg'
[0.271s] Level 1:colcon.colcon_core.package_identification:_identify(src) by extensions ['colcon_meta']
[0.271s] Level 1:colcon.colcon_core.package_identification:_identify(src) by extension 'colcon_meta'
[0.271s] Level 1:colcon.colcon_core.package_identification:_identify(src) by extensions ['ros']
[0.271s] Level 1:colcon.colcon_core.package_identification:_identify(src) by extension 'ros'
[0.272s] Level 1:colcon.colcon_core.package_identification:_identify(src) by extensions ['cmake', 'python']
[0.272s] Level 1:colcon.colcon_core.package_identification:_identify(src) by extension 'cmake'
[0.272s] Level 1:colcon.colcon_core.package_identification:_identify(src) by extension 'python'
[0.272s] Level 1:colcon.colcon_core.package_identification:_identify(src) by extensions ['python_setup_py']
[0.272s] Level 1:colcon.colcon_core.package_identification:_identify(src) by extension 'python_setup_py'
[0.272s] Level 1:colcon.colcon_core.package_identification:_identify(src/action_tutorials_cpp) by extensions ['ignore', 'ignore_ament_install']
[0.272s] Level 1:colcon.colcon_core.package_identification:_identify(src/action_tutorials_cpp) by extension 'ignore'
[0.272s] Level 1:colcon.colcon_core.package_identification:_identify(src/action_tutorials_cpp) by extension 'ignore_ament_install'
[0.272s] Level 1:colcon.colcon_core.package_identification:_identify(src/action_tutorials_cpp) by extensions ['colcon_pkg']
[0.272s] Level 1:colcon.colcon_core.package_identification:_identify(src/action_tutorials_cpp) by extension 'colcon_pkg'
[0.272s] Level 1:colcon.colcon_core.package_identification:_identify(src/action_tutorials_cpp) by extensions ['colcon_meta']
[0.272s] Level 1:colcon.colcon_core.package_identification:_identify(src/action_tutorials_cpp) by extension 'colcon_meta'
[0.272s] Level 1:colcon.colcon_core.package_identification:_identify(src/action_tutorials_cpp) by extensions ['ros']
[0.272s] Level 1:colcon.colcon_core.package_identification:_identify(src/action_tutorials_cpp) by extension 'ros'
[0.272s] DEBUG:colcon.colcon_core.package_identification:Package 'src/action_tutorials_cpp' with type 'ros.ament_cmake' and name 'action_tutorials_cpp'
[0.273s] Level 1:colcon.colcon_core.package_identification:_identify(src/action_tutorials_interfaces) by extensions ['ignore', 'ignore_ament_install']
[0.273s] Level 1:colcon.colcon_core.package_identification:_identify(src/action_tutorials_interfaces) by extension 'ignore'
[0.273s] Level 1:colcon.colcon_core.package_identification:_identify(src/action_tutorials_interfaces) by extension 'ignore_ament_install'
[0.273s] Level 1:colcon.colcon_core.package_identification:_identify(src/action_tutorials_interfaces) by extensions ['colcon_pkg']
[0.273s] Level 1:colcon.colcon_core.package_identification:_identify(src/action_tutorials_interfaces) by extension 'colcon_pkg'
[0.273s] Level 1:colcon.colcon_core.package_identification:_identify(src/action_tutorials_interfaces) by extensions ['colcon_meta']
[0.273s] Level 1:colcon.colcon_core.package_identification:_identify(src/action_tutorials_interfaces) by extension 'colcon_meta'
[0.273s] Level 1:colcon.colcon_core.package_identification:_identify(src/action_tutorials_interfaces) by extensions ['ros']
[0.273s] Level 1:colcon.colcon_core.package_identification:_identify(src/action_tutorials_interfaces) by extension 'ros'
[0.273s] DEBUG:colcon.colcon_core.package_identification:Package 'src/action_tutorials_interfaces' with type 'ros.ament_cmake' and name 'action_tutorials_interfaces'
[0.273s] Level 1:colcon.colcon_core.package_identification:_identify(src/cpp_parameter_event_handler) by extensions ['ignore', 'ignore_ament_install']
[0.273s] Level 1:colcon.colcon_core.package_identification:_identify(src/cpp_parameter_event_handler) by extension 'ignore'
[0.273s] Level 1:colcon.colcon_core.package_identification:_identify(src/cpp_parameter_event_handler) by extension 'ignore_ament_install'
[0.273s] Level 1:colcon.colcon_core.package_identification:_identify(src/cpp_parameter_event_handler) by extensions ['colcon_pkg']
[0.273s] Level 1:colcon.colcon_core.package_identification:_identify(src/cpp_parameter_event_handler) by extension 'colcon_pkg'
[0.273s] Level 1:colcon.colcon_core.package_identification:_identify(src/cpp_parameter_event_handler) by extensions ['colcon_meta']
[0.273s] Level 1:colcon.colcon_core.package_identification:_identify(src/cpp_parameter_event_handler) by extension 'colcon_meta'
[0.274s] Level 1:colcon.colcon_core.package_identification:_identify(src/cpp_parameter_event_handler) by extensions ['ros']
[0.274s] Level 1:colcon.colcon_core.package_identification:_identify(src/cpp_parameter_event_handler) by extension 'ros'
[0.274s] DEBUG:colcon.colcon_core.package_identification:Package 'src/cpp_parameter_event_handler' with type 'ros.ament_cmake' and name 'cpp_parameter_event_handler'
[0.274s] Level 1:colcon.colcon_core.package_identification:_identify(src/py_pubsub) by extensions ['ignore', 'ignore_ament_install']
[0.274s] Level 1:colcon.colcon_core.package_identification:_identify(src/py_pubsub) by extension 'ignore'
[0.274s] Level 1:colcon.colcon_core.package_identification:_identify(src/py_pubsub) by extension 'ignore_ament_install'
[0.274s] Level 1:colcon.colcon_core.package_identification:_identify(src/py_pubsub) by extensions ['colcon_pkg']
[0.274s] Level 1:colcon.colcon_core.package_identification:_identify(src/py_pubsub) by extension 'colcon_pkg'
[0.274s] Level 1:colcon.colcon_core.package_identification:_identify(src/py_pubsub) by extensions ['colcon_meta']
[0.274s] Level 1:colcon.colcon_core.package_identification:_identify(src/py_pubsub) by extension 'colcon_meta'
[0.274s] Level 1:colcon.colcon_core.package_identification:_identify(src/py_pubsub) by extensions ['ros']
[0.274s] Level 1:colcon.colcon_core.package_identification:_identify(src/py_pubsub) by extension 'ros'
[0.275s] DEBUG:colcon.colcon_core.package_identification:Package 'src/py_pubsub' with type 'ros.ament_python' and name 'py_pubsub'
[0.275s] Level 1:colcon.colcon_core.package_identification:_identify(src/py_srvcli) by extensions ['ignore', 'ignore_ament_install']
[0.275s] Level 1:colcon.colcon_core.package_identification:_identify(src/py_srvcli) by extension 'ignore'
[0.275s] Level 1:colcon.colcon_core.package_identification:_identify(src/py_srvcli) by extension 'ignore_ament_install'
[0.275s] Level 1:colcon.colcon_core.package_identification:_identify(src/py_srvcli) by extensions ['colcon_pkg']
[0.275s] Level 1:colcon.colcon_core.package_identification:_identify(src/py_srvcli) by extension 'colcon_pkg'
[0.275s] Level 1:colcon.colcon_core.package_identification:_identify(src/py_srvcli) by extensions ['colcon_meta']
[0.275s] Level 1:colcon.colcon_core.package_identification:_identify(src/py_srvcli) by extension 'colcon_meta'
[0.275s] Level 1:colcon.colcon_core.package_identification:_identify(src/py_srvcli) by extensions ['ros']
[0.275s] Level 1:colcon.colcon_core.package_identification:_identify(src/py_srvcli) by extension 'ros'
[0.275s] DEBUG:colcon.colcon_core.package_identification:Package 'src/py_srvcli' with type 'ros.ament_python' and name 'py_srvcli'
[0.275s] Level 1:colcon.colcon_core.package_identification:_identify(src/ros_tutorials) by extensions ['ignore', 'ignore_ament_install']
[0.275s] Level 1:colcon.colcon_core.package_identification:_identify(src/ros_tutorials) by extension 'ignore'
[0.275s] Level 1:colcon.colcon_core.package_identification:_identify(src/ros_tutorials) by extension 'ignore_ament_install'
[0.276s] Level 1:colcon.colcon_core.package_identification:_identify(src/ros_tutorials) by extensions ['colcon_pkg']
[0.276s] Level 1:colcon.colcon_core.package_identification:_identify(src/ros_tutorials) by extension 'colcon_pkg'
[0.276s] Level 1:colcon.colcon_core.package_identification:_identify(src/ros_tutorials) by extensions ['colcon_meta']
[0.276s] Level 1:colcon.colcon_core.package_identification:_identify(src/ros_tutorials) by extension 'colcon_meta'
[0.276s] Level 1:colcon.colcon_core.package_identification:_identify(src/ros_tutorials) by extensions ['ros']
[0.276s] Level 1:colcon.colcon_core.package_identification:_identify(src/ros_tutorials) by extension 'ros'
[0.276s] Level 1:colcon.colcon_core.package_identification:_identify(src/ros_tutorials) by extensions ['cmake', 'python']
[0.276s] Level 1:colcon.colcon_core.package_identification:_identify(src/ros_tutorials) by extension 'cmake'
[0.276s] Level 1:colcon.colcon_core.package_identification:_identify(src/ros_tutorials) by extension 'python'
[0.276s] Level 1:colcon.colcon_core.package_identification:_identify(src/ros_tutorials) by extensions ['python_setup_py']
[0.276s] Level 1:colcon.colcon_core.package_identification:_identify(src/ros_tutorials) by extension 'python_setup_py'
[0.276s] Level 1:colcon.colcon_core.package_identification:_identify(src/ros_tutorials/ros_tutorials) by extensions ['ignore', 'ignore_ament_install']
[0.276s] Level 1:colcon.colcon_core.package_identification:_identify(src/ros_tutorials/ros_tutorials) by extension 'ignore'
[0.276s] Level 1:colcon.colcon_core.package_identification:_identify(src/ros_tutorials/ros_tutorials) ignored
[0.276s] Level 1:colcon.colcon_core.package_identification:_identify(src/ros_tutorials/roscpp_tutorials) by extensions ['ignore', 'ignore_ament_install']
[0.276s] Level 1:colcon.colcon_core.package_identification:_identify(src/ros_tutorials/roscpp_tutorials) by extension 'ignore'
[0.276s] Level 1:colcon.colcon_core.package_identification:_identify(src/ros_tutorials/roscpp_tutorials) ignored
[0.277s] Level 1:colcon.colcon_core.package_identification:_identify(src/ros_tutorials/rospy_tutorials) by extensions ['ignore', 'ignore_ament_install']
[0.277s] Level 1:colcon.colcon_core.package_identification:_identify(src/ros_tutorials/rospy_tutorials) by extension 'ignore'
[0.277s] Level 1:colcon.colcon_core.package_identification:_identify(src/ros_tutorials/rospy_tutorials) ignored
[0.277s] Level 1:colcon.colcon_core.package_identification:_identify(src/ros_tutorials/turtlesim) by extensions ['ignore', 'ignore_ament_install']
[0.277s] Level 1:colcon.colcon_core.package_identification:_identify(src/ros_tutorials/turtlesim) by extension 'ignore'
[0.277s] Level 1:colcon.colcon_core.package_identification:_identify(src/ros_tutorials/turtlesim) by extension 'ignore_ament_install'
[0.277s] Level 1:colcon.colcon_core.package_identification:_identify(src/ros_tutorials/turtlesim) by extensions ['colcon_pkg']
[0.277s] Level 1:colcon.colcon_core.package_identification:_identify(src/ros_tutorials/turtlesim) by extension 'colcon_pkg'
[0.277s] Level 1:colcon.colcon_core.package_identification:_identify(src/ros_tutorials/turtlesim) by extensions ['colcon_meta']
[0.277s] Level 1:colcon.colcon_core.package_identification:_identify(src/ros_tutorials/turtlesim) by extension 'colcon_meta'
[0.277s] Level 1:colcon.colcon_core.package_identification:_identify(src/ros_tutorials/turtlesim) by extensions ['ros']
[0.277s] Level 1:colcon.colcon_core.package_identification:_identify(src/ros_tutorials/turtlesim) by extension 'ros'
[0.278s] DEBUG:colcon.colcon_core.package_identification:Package 'src/ros_tutorials/turtlesim' with type 'ros.ament_cmake' and name 'turtlesim'
[0.278s] Level 1:colcon.colcon_core.package_identification:_identify(src/tutorial_interfaces) by extensions ['ignore', 'ignore_ament_install']
[0.278s] Level 1:colcon.colcon_core.package_identification:_identify(src/tutorial_interfaces) by extension 'ignore'
[0.278s] Level 1:colcon.colcon_core.package_identification:_identify(src/tutorial_interfaces) by extension 'ignore_ament_install'
[0.278s] Level 1:colcon.colcon_core.package_identification:_identify(src/tutorial_interfaces) by extensions ['colcon_pkg']
[0.278s] Level 1:colcon.colcon_core.package_identification:_identify(src/tutorial_interfaces) by extension 'colcon_pkg'
[0.278s] Level 1:colcon.colcon_core.package_identification:_identify(src/tutorial_interfaces) by extensions ['colcon_meta']
[0.278s] Level 1:colcon.colcon_core.package_identification:_identify(src/tutorial_interfaces) by extension 'colcon_meta'
[0.278s] Level 1:colcon.colcon_core.package_identification:_identify(src/tutorial_interfaces) by extensions ['ros']
[0.278s] Level 1:colcon.colcon_core.package_identification:_identify(src/tutorial_interfaces) by extension 'ros'
[0.279s] DEBUG:colcon.colcon_core.package_identification:Found ROS schema reference in package manifest in 'src/tutorial_interfaces'
[0.279s] WARNING:colcon.colcon_core.package_identification:Failed to parse ROS package manifest in 'src/tutorial_interfaces': Error(s) in package 'src/tutorial_interfaces/package.xml':
The package "tutorial_interfaces" must not "exec_depend" on a package with the same name as this package
[0.279s] Level 1:colcon.colcon_core.package_identification:_identify(src/tutorial_interfaces) by extensions ['cmake', 'python']
[0.279s] Level 1:colcon.colcon_core.package_identification:_identify(src/tutorial_interfaces) by extension 'cmake'
[0.280s] Level 1:colcon.colcon_core.package_identification:_identify(src/tutorial_interfaces) by extension 'python'
[0.280s] DEBUG:colcon.colcon_core.package_identification:Package 'src/tutorial_interfaces' with type 'cmake' and name 'tutorial_interfaces'
[0.280s] Level 1:colcon.colcon_core.package_discovery:discover_packages(recursive) using defaults
[0.280s] Level 1:colcon.colcon_core.package_discovery:discover_packages(ignore) discover
[0.280s] Level 1:colcon.colcon_core.package_discovery:discover_packages(ignore) using defaults
[0.280s] Level 1:colcon.colcon_core.package_discovery:discover_packages(path) discover
[0.280s] Level 1:colcon.colcon_core.package_discovery:discover_packages(path) using defaults
[0.305s] Level 1:colcon.colcon_core.package_discovery:discover_packages(prefix_path) check parameters
[0.305s] Level 1:colcon.colcon_core.package_discovery:discover_packages(prefix_path) discover
[0.308s] DEBUG:colcon.colcon_installed_package_information.package_discovery:Found 5 installed packages in /home/max/ros2_ws/install
[0.309s] DEBUG:colcon.colcon_installed_package_information.package_discovery:Found 283 installed packages in /opt/ros/humble
[0.310s] Level 1:colcon.colcon_core.package_discovery:discover_packages(prefix_path) using defaults
[0.357s] WARNING:colcon.colcon_core.package_selection:Some selected packages are already built in one or more underlay workspaces:
	'action_tutorials_interfaces' is in: /opt/ros/humble
	'action_tutorials_cpp' is in: /opt/ros/humble
	'turtlesim' is in: /home/max/ros2_ws/install/turtlesim, /opt/ros/humble
If a package in a merged underlay workspace is overridden and it installs headers, then all packages in the overlay must sort their include directories by workspace order. Failure to do so may result in build failures or undefined behavior at run time.
If the overridden package is used by another package in any underlay, then the overriding package in the overlay must be API and ABI compatible or undefined behavior at run time may occur.

If you understand the risks and want to override a package anyways, add the following to the command line:
	--allow-overriding action_tutorials_cpp action_tutorials_interfaces turtlesim

This may be promoted to an error in a future release of colcon-override-check.
[0.358s] Level 5:colcon.colcon_core.verb:set package 'action_tutorials_interfaces' build argument 'cmake_args' from command line to 'None'
[0.358s] Level 5:colcon.colcon_core.verb:set package 'action_tutorials_interfaces' build argument 'cmake_target' from command line to 'None'
[0.358s] Level 5:colcon.colcon_core.verb:set package 'action_tutorials_interfaces' build argument 'cmake_target_skip_unavailable' from command line to 'False'
[0.358s] Level 5:colcon.colcon_core.verb:set package 'action_tutorials_interfaces' build argument 'cmake_clean_cache' from command line to 'False'
[0.358s] Level 5:colcon.colcon_core.verb:set package 'action_tutorials_interfaces' build argument 'cmake_clean_first' from command line to 'False'
[0.358s] Level 5:colcon.colcon_core.verb:set package 'action_tutorials_interfaces' build argument 'cmake_force_configure' from command line to 'False'
[0.358s] Level 5:colcon.colcon_core.verb:set package 'action_tutorials_interfaces' build argument 'ament_cmake_args' from command line to 'None'
[0.358s] Level 5:colcon.colcon_core.verb:set package 'action_tutorials_interfaces' build argument 'catkin_cmake_args' from command line to 'None'
[0.358s] Level 5:colcon.colcon_core.verb:set package 'action_tutorials_interfaces' build argument 'catkin_skip_building_tests' from command line to 'False'
[0.358s] DEBUG:colcon.colcon_core.verb:Building package 'action_tutorials_interfaces' with the following arguments: {'ament_cmake_args': None, 'build_base': '/home/max/ros2_ws/build/action_tutorials_interfaces', 'catkin_cmake_args': None, 'catkin_skip_building_tests': False, 'cmake_args': None, 'cmake_clean_cache': False, 'cmake_clean_first': False, 'cmake_force_configure': False, 'cmake_target': None, 'cmake_target_skip_unavailable': False, 'install_base': '/home/max/ros2_ws/install/action_tutorials_interfaces', 'merge_install': False, 'path': '/home/max/ros2_ws/src/action_tutorials_interfaces', 'symlink_install': False, 'test_result_base': None}
[0.359s] Level 5:colcon.colcon_core.verb:set package 'cpp_parameter_event_handler' build argument 'cmake_args' from command line to 'None'
[0.359s] Level 5:colcon.colcon_core.verb:set package 'cpp_parameter_event_handler' build argument 'cmake_target' from command line to 'None'
[0.359s] Level 5:colcon.colcon_core.verb:set package 'cpp_parameter_event_handler' build argument 'cmake_target_skip_unavailable' from command line to 'False'
[0.359s] Level 5:colcon.colcon_core.verb:set package 'cpp_parameter_event_handler' build argument 'cmake_clean_cache' from command line to 'False'
[0.359s] Level 5:colcon.colcon_core.verb:set package 'cpp_parameter_event_handler' build argument 'cmake_clean_first' from command line to 'False'
[0.359s] Level 5:colcon.colcon_core.verb:set package 'cpp_parameter_event_handler' build argument 'cmake_force_configure' from command line to 'False'
[0.359s] Level 5:colcon.colcon_core.verb:set package 'cpp_parameter_event_handler' build argument 'ament_cmake_args' from command line to 'None'
[0.359s] Level 5:colcon.colcon_core.verb:set package 'cpp_parameter_event_handler' build argument 'catkin_cmake_args' from command line to 'None'
[0.359s] Level 5:colcon.colcon_core.verb:set package 'cpp_parameter_event_handler' build argument 'catkin_skip_building_tests' from command line to 'False'
[0.359s] DEBUG:colcon.colcon_core.verb:Building package 'cpp_parameter_event_handler' with the following arguments: {'ament_cmake_args': None, 'build_base': '/home/max/ros2_ws/build/cpp_parameter_event_handler', 'catkin_cmake_args': None, 'catkin_skip_building_tests': False, 'cmake_args': None, 'cmake_clean_cache': False, 'cmake_clean_first': False, 'cmake_force_configure': False, 'cmake_target': None, 'cmake_target_skip_unavailable': False, 'install_base': '/home/max/ros2_ws/install/cpp_parameter_event_handler', 'merge_install': False, 'path': '/home/max/ros2_ws/src/cpp_parameter_event_handler', 'symlink_install': False, 'test_result_base': None}
[0.360s] Level 5:colcon.colcon_core.verb:set package 'py_launch_example' build argument 'cmake_args' from command line to 'None'
[0.360s] Level 5:colcon.colcon_core.verb:set package 'py_launch_example' build argument 'cmake_target' from command line to 'None'
[0.360s] Level 5:colcon.colcon_core.verb:set package 'py_launch_example' build argument 'cmake_target_skip_unavailable' from command line to 'False'
[0.360s] Level 5:colcon.colcon_core.verb:set package 'py_launch_example' build argument 'cmake_clean_cache' from command line to 'False'
[0.360s] Level 5:colcon.colcon_core.verb:set package 'py_launch_example' build argument 'cmake_clean_first' from command line to 'False'
[0.360s] Level 5:colcon.colcon_core.verb:set package 'py_launch_example' build argument 'cmake_force_configure' from command line to 'False'
[0.360s] Level 5:colcon.colcon_core.verb:set package 'py_launch_example' build argument 'ament_cmake_args' from command line to 'None'
[0.360s] Level 5:colcon.colcon_core.verb:set package 'py_launch_example' build argument 'catkin_cmake_args' from command line to 'None'
[0.360s] Level 5:colcon.colcon_core.verb:set package 'py_launch_example' build argument 'catkin_skip_building_tests' from command line to 'False'
[0.360s] DEBUG:colcon.colcon_core.verb:Building package 'py_launch_example' with the following arguments: {'ament_cmake_args': None, 'build_base': '/home/max/ros2_ws/build/py_launch_example', 'catkin_cmake_args': None, 'catkin_skip_building_tests': False, 'cmake_args': None, 'cmake_clean_cache': False, 'cmake_clean_first': False, 'cmake_force_configure': False, 'cmake_target': None, 'cmake_target_skip_unavailable': False, 'install_base': '/home/max/ros2_ws/install/py_launch_example', 'merge_install': False, 'path': '/home/max/ros2_ws/launch_ws/src/py_launch_example', 'symlink_install': False, 'test_result_base': None}
[0.361s] Level 5:colcon.colcon_core.verb:set package 'py_pubsub' build argument 'cmake_args' from command line to 'None'
[0.361s] Level 5:colcon.colcon_core.verb:set package 'py_pubsub' build argument 'cmake_target' from command line to 'None'
[0.361s] Level 5:colcon.colcon_core.verb:set package 'py_pubsub' build argument 'cmake_target_skip_unavailable' from command line to 'False'
[0.361s] Level 5:colcon.colcon_core.verb:set package 'py_pubsub' build argument 'cmake_clean_cache' from command line to 'False'
[0.361s] Level 5:colcon.colcon_core.verb:set package 'py_pubsub' build argument 'cmake_clean_first' from command line to 'False'
[0.361s] Level 5:colcon.colcon_core.verb:set package 'py_pubsub' build argument 'cmake_force_configure' from command line to 'False'
[0.361s] Level 5:colcon.colcon_core.verb:set package 'py_pubsub' build argument 'ament_cmake_args' from command line to 'None'
[0.361s] Level 5:colcon.colcon_core.verb:set package 'py_pubsub' build argument 'catkin_cmake_args' from command line to 'None'
[0.361s] Level 5:colcon.colcon_core.verb:set package 'py_pubsub' build argument 'catkin_skip_building_tests' from command line to 'False'
[0.361s] DEBUG:colcon.colcon_core.verb:Building package 'py_pubsub' with the following arguments: {'ament_cmake_args': None, 'build_base': '/home/max/ros2_ws/build/py_pubsub', 'catkin_cmake_args': None, 'catkin_skip_building_tests': False, 'cmake_args': None, 'cmake_clean_cache': False, 'cmake_clean_first': False, 'cmake_force_configure': False, 'cmake_target': None, 'cmake_target_skip_unavailable': False, 'install_base': '/home/max/ros2_ws/install/py_pubsub', 'merge_install': False, 'path': '/home/max/ros2_ws/src/py_pubsub', 'symlink_install': False, 'test_result_base': None}
[0.361s] Level 5:colcon.colcon_core.verb:set package 'turtlesim' build argument 'cmake_args' from command line to 'None'
[0.361s] Level 5:colcon.colcon_core.verb:set package 'turtlesim' build argument 'cmake_target' from command line to 'None'
[0.361s] Level 5:colcon.colcon_core.verb:set package 'turtlesim' build argument 'cmake_target_skip_unavailable' from command line to 'False'
[0.361s] Level 5:colcon.colcon_core.verb:set package 'turtlesim' build argument 'cmake_clean_cache' from command line to 'False'
[0.361s] Level 5:colcon.colcon_core.verb:set package 'turtlesim' build argument 'cmake_clean_first' from command line to 'False'
[0.361s] Level 5:colcon.colcon_core.verb:set package 'turtlesim' build argument 'cmake_force_configure' from command line to 'False'
[0.361s] Level 5:colcon.colcon_core.verb:set package 'turtlesim' build argument 'ament_cmake_args' from command line to 'None'
[0.361s] Level 5:colcon.colcon_core.verb:set package 'turtlesim' build argument 'catkin_cmake_args' from command line to 'None'
[0.361s] Level 5:colcon.colcon_core.verb:set package 'turtlesim' build argument 'catkin_skip_building_tests' from command line to 'False'
[0.362s] DEBUG:colcon.colcon_core.verb:Building package 'turtlesim' with the following arguments: {'ament_cmake_args': None, 'build_base': '/home/max/ros2_ws/build/turtlesim', 'catkin_cmake_args': None, 'catkin_skip_building_tests': False, 'cmake_args': None, 'cmake_clean_cache': False, 'cmake_clean_first': False, 'cmake_force_configure': False, 'cmake_target': None, 'cmake_target_skip_unavailable': False, 'install_base': '/home/max/ros2_ws/install/turtlesim', 'merge_install': False, 'path': '/home/max/ros2_ws/src/ros_tutorials/turtlesim', 'symlink_install': False, 'test_result_base': None}
[0.362s] Level 5:colcon.colcon_core.verb:set package 'tutorial_interfaces' build argument 'cmake_args' from command line to 'None'
[0.362s] Level 5:colcon.colcon_core.verb:set package 'tutorial_interfaces' build argument 'cmake_target' from command line to 'None'
[0.362s] Level 5:colcon.colcon_core.verb:set package 'tutorial_interfaces' build argument 'cmake_target_skip_unavailable' from command line to 'False'
[0.362s] Level 5:colcon.colcon_core.verb:set package 'tutorial_interfaces' build argument 'cmake_clean_cache' from command line to 'False'
[0.362s] Level 5:colcon.colcon_core.verb:set package 'tutorial_interfaces' build argument 'cmake_clean_first' from command line to 'False'
[0.362s] Level 5:colcon.colcon_core.verb:set package 'tutorial_interfaces' build argument 'cmake_force_configure' from command line to 'False'
[0.362s] Level 5:colcon.colcon_core.verb:set package 'tutorial_interfaces' build argument 'ament_cmake_args' from command line to 'None'
[0.362s] Level 5:colcon.colcon_core.verb:set package 'tutorial_interfaces' build argument 'catkin_cmake_args' from command line to 'None'
[0.362s] Level 5:colcon.colcon_core.verb:set package 'tutorial_interfaces' build argument 'catkin_skip_building_tests' from command line to 'False'
[0.362s] DEBUG:colcon.colcon_core.verb:Building package 'tutorial_interfaces' with the following arguments: {'ament_cmake_args': None, 'build_base': '/home/max/ros2_ws/build/tutorial_interfaces', 'catkin_cmake_args': None, 'catkin_skip_building_tests': False, 'cmake_args': None, 'cmake_clean_cache': False, 'cmake_clean_first': False, 'cmake_force_configure': False, 'cmake_target': None, 'cmake_target_skip_unavailable': False, 'install_base': '/home/max/ros2_ws/install/tutorial_interfaces', 'merge_install': False, 'path': '/home/max/ros2_ws/src/tutorial_interfaces', 'symlink_install': False, 'test_result_base': None}
[0.363s] Level 5:colcon.colcon_core.verb:set package 'action_tutorials_cpp' build argument 'cmake_args' from command line to 'None'
[0.363s] Level 5:colcon.colcon_core.verb:set package 'action_tutorials_cpp' build argument 'cmake_target' from command line to 'None'
[0.363s] Level 5:colcon.colcon_core.verb:set package 'action_tutorials_cpp' build argument 'cmake_target_skip_unavailable' from command line to 'False'
[0.363s] Level 5:colcon.colcon_core.verb:set package 'action_tutorials_cpp' build argument 'cmake_clean_cache' from command line to 'False'
[0.363s] Level 5:colcon.colcon_core.verb:set package 'action_tutorials_cpp' build argument 'cmake_clean_first' from command line to 'False'
[0.363s] Level 5:colcon.colcon_core.verb:set package 'action_tutorials_cpp' build argument 'cmake_force_configure' from command line to 'False'
[0.363s] Level 5:colcon.colcon_core.verb:set package 'action_tutorials_cpp' build argument 'ament_cmake_args' from command line to 'None'
[0.363s] Level 5:colcon.colcon_core.verb:set package 'action_tutorials_cpp' build argument 'catkin_cmake_args' from command line to 'None'
[0.363s] Level 5:colcon.colcon_core.verb:set package 'action_tutorials_cpp' build argument 'catkin_skip_building_tests' from command line to 'False'
[0.363s] DEBUG:colcon.colcon_core.verb:Building package 'action_tutorials_cpp' with the following arguments: {'ament_cmake_args': None, 'build_base': '/home/max/ros2_ws/build/action_tutorials_cpp', 'catkin_cmake_args': None, 'catkin_skip_building_tests': False, 'cmake_args': None, 'cmake_clean_cache': False, 'cmake_clean_first': False, 'cmake_force_configure': False, 'cmake_target': None, 'cmake_target_skip_unavailable': False, 'install_base': '/home/max/ros2_ws/install/action_tutorials_cpp', 'merge_install': False, 'path': '/home/max/ros2_ws/src/action_tutorials_cpp', 'symlink_install': False, 'test_result_base': None}
[0.364s] Level 5:colcon.colcon_core.verb:set package 'py_srvcli' build argument 'cmake_args' from command line to 'None'
[0.364s] Level 5:colcon.colcon_core.verb:set package 'py_srvcli' build argument 'cmake_target' from command line to 'None'
[0.364s] Level 5:colcon.colcon_core.verb:set package 'py_srvcli' build argument 'cmake_target_skip_unavailable' from command line to 'False'
[0.364s] Level 5:colcon.colcon_core.verb:set package 'py_srvcli' build argument 'cmake_clean_cache' from command line to 'False'
[0.364s] Level 5:colcon.colcon_core.verb:set package 'py_srvcli' build argument 'cmake_clean_first' from command line to 'False'
[0.364s] Level 5:colcon.colcon_core.verb:set package 'py_srvcli' build argument 'cmake_force_configure' from command line to 'False'
[0.364s] Level 5:colcon.colcon_core.verb:set package 'py_srvcli' build argument 'ament_cmake_args' from command line to 'None'
[0.364s] Level 5:colcon.colcon_core.verb:set package 'py_srvcli' build argument 'catkin_cmake_args' from command line to 'None'
[0.364s] Level 5:colcon.colcon_core.verb:set package 'py_srvcli' build argument 'catkin_skip_building_tests' from command line to 'False'
[0.364s] DEBUG:colcon.colcon_core.verb:Building package 'py_srvcli' with the following arguments: {'ament_cmake_args': None, 'build_base': '/home/max/ros2_ws/build/py_srvcli', 'catkin_cmake_args': None, 'catkin_skip_building_tests': False, 'cmake_args': None, 'cmake_clean_cache': False, 'cmake_clean_first': False, 'cmake_force_configure': False, 'cmake_target': None, 'cmake_target_skip_unavailable': False, 'install_base': '/home/max/ros2_ws/install/py_srvcli', 'merge_install': False, 'path': '/home/max/ros2_ws/src/py_srvcli', 'symlink_install': False, 'test_result_base': None}
[0.364s] INFO:colcon.colcon_core.executor:Executing jobs using 'parallel' executor
[0.369s] DEBUG:colcon.colcon_parallel_executor.executor.parallel:run_until_complete
[0.370s] INFO:colcon.colcon_ros.task.ament_cmake.build:Building ROS package in '/home/max/ros2_ws/src/action_tutorials_interfaces' with build type 'ament_cmake'
[0.370s] INFO:colcon.colcon_cmake.task.cmake.build:Building CMake package in '/home/max/ros2_ws/src/action_tutorials_interfaces'
[0.374s] INFO:colcon.colcon_core.plugin_system:Skipping extension 'colcon_core.shell.bat': Not used on non-Windows systems
[0.374s] INFO:colcon.colcon_core.shell:Skip shell extension 'powershell' for command environment: Not usable outside of PowerShell
[0.374s] DEBUG:colcon.colcon_core.shell:Skip shell extension 'dsv' for command environment
[0.385s] INFO:colcon.colcon_cmake.task.cmake.build:Building CMake package in '/home/max/ros2_ws/src/tutorial_interfaces'
[0.389s] INFO:colcon.colcon_core.shell:Skip shell extension 'powershell' for command environment: Not usable outside of PowerShell
[0.389s] DEBUG:colcon.colcon_core.shell:Skip shell extension 'dsv' for command environment
[0.449s] DEBUG:colcon.colcon_core.event_handler.log_command:Invoking command in '/home/max/ros2_ws/build/action_tutorials_interfaces': CMAKE_PREFIX_PATH=${CMAKE_PREFIX_PATH}:/home/max/ros2_ws/install/py_srvcli:/home/max/ros2_ws/install/py_pubsub:/opt/ros/humble /usr/bin/cmake --build /home/max/ros2_ws/build/action_tutorials_interfaces -- -j2 -l2
[0.469s] DEBUG:colcon.colcon_core.event_handler.log_command:Invoking command in '/home/max/ros2_ws/build/tutorial_interfaces': /usr/bin/cmake --build /home/max/ros2_ws/build/tutorial_interfaces -- -j2 -l2
[0.581s] DEBUG:colcon.colcon_core.event_handler.log_command:Invoked command in '/home/max/ros2_ws/build/action_tutorials_interfaces' returned '0': CMAKE_PREFIX_PATH=${CMAKE_PREFIX_PATH}:/home/max/ros2_ws/install/py_srvcli:/home/max/ros2_ws/install/py_pubsub:/opt/ros/humble /usr/bin/cmake --build /home/max/ros2_ws/build/action_tutorials_interfaces -- -j2 -l2
[0.613s] WARNING:colcon.colcon_cmake.task.cmake.build:Could not run installation step for package 'action_tutorials_interfaces' because it has no 'install' target
[0.613s] Level 1:colcon.colcon_core.environment:create_environment_scripts_only(action_tutorials_interfaces)
[0.619s] Level 1:colcon.colcon_core.environment:checking '/home/max/ros2_ws/install/action_tutorials_interfaces' for CMake module files
[0.620s] Level 1:colcon.colcon_core.environment:checking '/home/max/ros2_ws/install/action_tutorials_interfaces' for CMake config files
[0.620s] Level 1:colcon.colcon_core.environment:checking '/home/max/ros2_ws/install/action_tutorials_interfaces/bin'
[0.621s] Level 1:colcon.colcon_core.environment:checking '/home/max/ros2_ws/install/action_tutorials_interfaces/lib/pkgconfig/action_tutorials_interfaces.pc'
[0.621s] Level 1:colcon.colcon_core.environment:checking '/home/max/ros2_ws/install/action_tutorials_interfaces/lib/python3.10/site-packages'
[0.621s] Level 1:colcon.colcon_core.environment:checking '/home/max/ros2_ws/install/action_tutorials_interfaces/bin'
[0.622s] INFO:colcon.colcon_core.shell:Creating package script '/home/max/ros2_ws/install/action_tutorials_interfaces/share/action_tutorials_interfaces/package.ps1'
[0.623s] INFO:colcon.colcon_core.shell:Creating package descriptor '/home/max/ros2_ws/install/action_tutorials_interfaces/share/action_tutorials_interfaces/package.dsv'
[0.624s] INFO:colcon.colcon_core.shell:Creating package script '/home/max/ros2_ws/install/action_tutorials_interfaces/share/action_tutorials_interfaces/package.sh'
[0.624s] INFO:colcon.colcon_core.shell:Creating package script '/home/max/ros2_ws/install/action_tutorials_interfaces/share/action_tutorials_interfaces/package.bash'
[0.625s] INFO:colcon.colcon_core.shell:Creating package script '/home/max/ros2_ws/install/action_tutorials_interfaces/share/action_tutorials_interfaces/package.zsh'
[0.626s] Level 1:colcon.colcon_core.environment:create_file_with_runtime_dependencies(/home/max/ros2_ws/install/action_tutorials_interfaces/share/colcon-core/packages/action_tutorials_interfaces)
[0.672s] Level 1:colcon.colcon_core.environment:create_environment_scripts_only(action_tutorials_interfaces)
[0.674s] Level 1:colcon.colcon_core.environment:checking '/home/max/ros2_ws/install/action_tutorials_interfaces' for CMake module files
[0.675s] Level 1:colcon.colcon_core.environment:checking '/home/max/ros2_ws/install/action_tutorials_interfaces' for CMake config files
[0.675s] Level 1:colcon.colcon_core.environment:checking '/home/max/ros2_ws/install/action_tutorials_interfaces/bin'
[0.675s] Level 1:colcon.colcon_core.environment:checking '/home/max/ros2_ws/install/action_tutorials_interfaces/lib/pkgconfig/action_tutorials_interfaces.pc'
[0.675s] Level 1:colcon.colcon_core.environment:checking '/home/max/ros2_ws/install/action_tutorials_interfaces/lib/python3.10/site-packages'
[0.676s] Level 1:colcon.colcon_core.environment:checking '/home/max/ros2_ws/install/action_tutorials_interfaces/bin'
[0.678s] INFO:colcon.colcon_core.shell:Creating package script '/home/max/ros2_ws/install/action_tutorials_interfaces/share/action_tutorials_interfaces/package.ps1'
[0.678s] INFO:colcon.colcon_core.shell:Creating package descriptor '/home/max/ros2_ws/install/action_tutorials_interfaces/share/action_tutorials_interfaces/package.dsv'
[0.679s] INFO:colcon.colcon_core.shell:Creating package script '/home/max/ros2_ws/install/action_tutorials_interfaces/share/action_tutorials_interfaces/package.sh'
[0.679s] INFO:colcon.colcon_core.shell:Creating package script '/home/max/ros2_ws/install/action_tutorials_interfaces/share/action_tutorials_interfaces/package.bash'
[0.679s] INFO:colcon.colcon_core.shell:Creating package script '/home/max/ros2_ws/install/action_tutorials_interfaces/share/action_tutorials_interfaces/package.zsh'
[0.680s] Level 1:colcon.colcon_core.environment:create_file_with_runtime_dependencies(/home/max/ros2_ws/install/action_tutorials_interfaces/share/colcon-core/packages/action_tutorials_interfaces)
[0.680s] INFO:colcon.colcon_ros.task.ament_cmake.build:Building ROS package in '/home/max/ros2_ws/src/cpp_parameter_event_handler' with build type 'ament_cmake'
[0.681s] INFO:colcon.colcon_cmake.task.cmake.build:Building CMake package in '/home/max/ros2_ws/src/cpp_parameter_event_handler'
[0.684s] INFO:colcon.colcon_core.shell:Skip shell extension 'powershell' for command environment: Not usable outside of PowerShell
[0.685s] DEBUG:colcon.colcon_core.shell:Skip shell extension 'dsv' for command environment
[0.730s] DEBUG:colcon.colcon_core.event_handler.log_command:Invoking command in '/home/max/ros2_ws/build/cpp_parameter_event_handler': CMAKE_PREFIX_PATH=${CMAKE_PREFIX_PATH}:/home/max/ros2_ws/install/py_srvcli:/home/max/ros2_ws/install/py_pubsub:/opt/ros/humble /usr/bin/cmake --build /home/max/ros2_ws/build/cpp_parameter_event_handler -- -j2 -l2
[0.885s] DEBUG:colcon.colcon_core.event_handler.log_command:Invoked command in '/home/max/ros2_ws/build/cpp_parameter_event_handler' returned '0': CMAKE_PREFIX_PATH=${CMAKE_PREFIX_PATH}:/home/max/ros2_ws/install/py_srvcli:/home/max/ros2_ws/install/py_pubsub:/opt/ros/humble /usr/bin/cmake --build /home/max/ros2_ws/build/cpp_parameter_event_handler -- -j2 -l2
[0.953s] DEBUG:colcon.colcon_core.event_handler.log_command:Invoking command in '/home/max/ros2_ws/build/cpp_parameter_event_handler': CMAKE_PREFIX_PATH=${CMAKE_PREFIX_PATH}:/home/max/ros2_ws/install/py_srvcli:/home/max/ros2_ws/install/py_pubsub:/opt/ros/humble /usr/bin/cmake --install /home/max/ros2_ws/build/cpp_parameter_event_handler
[0.965s] Level 1:colcon.colcon_core.environment:create_environment_scripts_only(cpp_parameter_event_handler)
[0.966s] DEBUG:colcon.colcon_core.event_handler.log_command:Invoked command in '/home/max/ros2_ws/build/cpp_parameter_event_handler' returned '0': CMAKE_PREFIX_PATH=${CMAKE_PREFIX_PATH}:/home/max/ros2_ws/install/py_srvcli:/home/max/ros2_ws/install/py_pubsub:/opt/ros/humble /usr/bin/cmake --install /home/max/ros2_ws/build/cpp_parameter_event_handler
[0.970s] Level 1:colcon.colcon_core.environment:checking '/home/max/ros2_ws/install/cpp_parameter_event_handler' for CMake module files
[0.971s] Level 1:colcon.colcon_core.environment:checking '/home/max/ros2_ws/install/cpp_parameter_event_handler' for CMake config files
[0.972s] Level 1:colcon.colcon_core.shell:create_environment_hook('cpp_parameter_event_handler', 'cmake_prefix_path')
[0.973s] INFO:colcon.colcon_core.shell:Creating environment hook '/home/max/ros2_ws/install/cpp_parameter_event_handler/share/cpp_parameter_event_handler/hook/cmake_prefix_path.ps1'
[0.974s] INFO:colcon.colcon_core.shell:Creating environment descriptor '/home/max/ros2_ws/install/cpp_parameter_event_handler/share/cpp_parameter_event_handler/hook/cmake_prefix_path.dsv'
[0.975s] INFO:colcon.colcon_core.shell:Creating environment hook '/home/max/ros2_ws/install/cpp_parameter_event_handler/share/cpp_parameter_event_handler/hook/cmake_prefix_path.sh'
[0.976s] Level 1:colcon.colcon_core.environment:checking '/home/max/ros2_ws/install/cpp_parameter_event_handler/lib'
[0.976s] Level 1:colcon.colcon_core.environment:checking '/home/max/ros2_ws/install/cpp_parameter_event_handler/bin'
[0.976s] Level 1:colcon.colcon_core.environment:checking '/home/max/ros2_ws/install/cpp_parameter_event_handler/lib/pkgconfig/cpp_parameter_event_handler.pc'
[0.977s] Level 1:colcon.colcon_core.environment:checking '/home/max/ros2_ws/install/cpp_parameter_event_handler/lib/python3.10/site-packages'
[0.977s] Level 1:colcon.colcon_core.environment:checking '/home/max/ros2_ws/install/cpp_parameter_event_handler/bin'
[0.978s] INFO:colcon.colcon_core.shell:Creating package script '/home/max/ros2_ws/install/cpp_parameter_event_handler/share/cpp_parameter_event_handler/package.ps1'
[0.978s] INFO:colcon.colcon_core.shell:Creating package descriptor '/home/max/ros2_ws/install/cpp_parameter_event_handler/share/cpp_parameter_event_handler/package.dsv'
[0.979s] INFO:colcon.colcon_core.shell:Creating package script '/home/max/ros2_ws/install/cpp_parameter_event_handler/share/cpp_parameter_event_handler/package.sh'
[0.979s] INFO:colcon.colcon_core.shell:Creating package script '/home/max/ros2_ws/install/cpp_parameter_event_handler/share/cpp_parameter_event_handler/package.bash'
[0.980s] INFO:colcon.colcon_core.shell:Creating package script '/home/max/ros2_ws/install/cpp_parameter_event_handler/share/cpp_parameter_event_handler/package.zsh'
[0.980s] Level 1:colcon.colcon_core.environment:create_file_with_runtime_dependencies(/home/max/ros2_ws/install/cpp_parameter_event_handler/share/colcon-core/packages/cpp_parameter_event_handler)
[1.050s] Level 1:colcon.colcon_core.environment:create_environment_scripts_only(cpp_parameter_event_handler)
[1.052s] Level 1:colcon.colcon_core.environment:checking '/home/max/ros2_ws/install/cpp_parameter_event_handler' for CMake module files
[1.053s] Level 1:colcon.colcon_core.environment:checking '/home/max/ros2_ws/install/cpp_parameter_event_handler' for CMake config files
[1.053s] Level 1:colcon.colcon_core.shell:create_environment_hook('cpp_parameter_event_handler', 'cmake_prefix_path')
[1.054s] INFO:colcon.colcon_core.shell:Creating environment hook '/home/max/ros2_ws/install/cpp_parameter_event_handler/share/cpp_parameter_event_handler/hook/cmake_prefix_path.ps1'
[1.055s] INFO:colcon.colcon_core.shell:Creating environment descriptor '/home/max/ros2_ws/install/cpp_parameter_event_handler/share/cpp_parameter_event_handler/hook/cmake_prefix_path.dsv'
[1.055s] INFO:colcon.colcon_core.shell:Creating environment hook '/home/max/ros2_ws/install/cpp_parameter_event_handler/share/cpp_parameter_event_handler/hook/cmake_prefix_path.sh'
[1.055s] Level 1:colcon.colcon_core.environment:checking '/home/max/ros2_ws/install/cpp_parameter_event_handler/lib'
[1.056s] Level 1:colcon.colcon_core.environment:checking '/home/max/ros2_ws/install/cpp_parameter_event_handler/bin'
[1.056s] Level 1:colcon.colcon_core.environment:checking '/home/max/ros2_ws/install/cpp_parameter_event_handler/lib/pkgconfig/cpp_parameter_event_handler.pc'
[1.056s] Level 1:colcon.colcon_core.environment:checking '/home/max/ros2_ws/install/cpp_parameter_event_handler/lib/python3.10/site-packages'
[1.056s] Level 1:colcon.colcon_core.environment:checking '/home/max/ros2_ws/install/cpp_parameter_event_handler/bin'
[1.057s] INFO:colcon.colcon_core.shell:Creating package script '/home/max/ros2_ws/install/cpp_parameter_event_handler/share/cpp_parameter_event_handler/package.ps1'
[1.057s] INFO:colcon.colcon_core.shell:Creating package descriptor '/home/max/ros2_ws/install/cpp_parameter_event_handler/share/cpp_parameter_event_handler/package.dsv'
[1.058s] INFO:colcon.colcon_core.shell:Creating package script '/home/max/ros2_ws/install/cpp_parameter_event_handler/share/cpp_parameter_event_handler/package.sh'
[1.058s] INFO:colcon.colcon_core.shell:Creating package script '/home/max/ros2_ws/install/cpp_parameter_event_handler/share/cpp_parameter_event_handler/package.bash'
[1.058s] INFO:colcon.colcon_core.shell:Creating package script '/home/max/ros2_ws/install/cpp_parameter_event_handler/share/cpp_parameter_event_handler/package.zsh'
[1.059s] Level 1:colcon.colcon_core.environment:create_file_with_runtime_dependencies(/home/max/ros2_ws/install/cpp_parameter_event_handler/share/colcon-core/packages/cpp_parameter_event_handler)
[1.059s] INFO:colcon.colcon_ros.task.ament_python.build:Building ROS package in '/home/max/ros2_ws/launch_ws/src/py_launch_example' with build type 'ament_python'
[1.059s] Level 1:colcon.colcon_core.shell:create_environment_hook('py_launch_example', 'ament_prefix_path')
[1.060s] INFO:colcon.colcon_core.shell:Creating environment hook '/home/max/ros2_ws/install/py_launch_example/share/py_launch_example/hook/ament_prefix_path.ps1'
[1.061s] INFO:colcon.colcon_core.shell:Creating environment descriptor '/home/max/ros2_ws/install/py_launch_example/share/py_launch_example/hook/ament_prefix_path.dsv'
[1.062s] INFO:colcon.colcon_core.shell:Creating environment hook '/home/max/ros2_ws/install/py_launch_example/share/py_launch_example/hook/ament_prefix_path.sh'
[1.063s] INFO:colcon.colcon_core.shell:Skip shell extension 'powershell' for command environment: Not usable outside of PowerShell
[1.063s] DEBUG:colcon.colcon_core.shell:Skip shell extension 'dsv' for command environment
[1.426s] DEBUG:colcon.colcon_parallel_executor.executor.parallel:closing loop
[1.427s] DEBUG:colcon.colcon_parallel_executor.executor.parallel:loop closed
[1.428s] DEBUG:colcon.colcon_parallel_executor.executor.parallel:run_until_complete finished with 'Command '['/usr/bin/python3', '-c', "import sys;from setuptools.extern.packaging.specifiers import SpecifierSet;from distutils.core import run_setup;dist = run_setup(    'setup.py', script_args=('--dry-run',), stop_after='config');skip_keys = ('cmdclass', 'distclass', 'ext_modules', 'metadata');data = {    key: value for key, value in dist.__dict__.items()     if (        not key.startswith('_') and         not callable(value) and         key not in skip_keys and         key not in dist.display_option_names    )};data['metadata'] = {    k: v for k, v in dist.metadata.__dict__.items()     if k not in ('license_files', 'provides_extras')};sys.stdout.buffer.write(repr(data).encode('utf-8'))"]' returned non-zero exit status 1.'
[1.429s] DEBUG:colcon.colcon_core.event_reactor:joining thread
[1.436s] INFO:colcon.colcon_core.plugin_system:Skipping extension 'colcon_notification.desktop_notification.terminal_notifier': Not used on non-Darwin systems
[1.436s] INFO:colcon.colcon_core.plugin_system:Skipping extension 'colcon_notification.desktop_notification.win32': Not used on non-Windows systems
[1.436s] INFO:colcon.colcon_notification.desktop_notification:Sending desktop notification using 'notify2'
[1.455s] DEBUG:colcon.colcon_core.event_reactor:joined thread
[1.457s] INFO:colcon.colcon_core.shell:Creating prefix script '/home/max/ros2_ws/install/local_setup.ps1'
[1.458s] INFO:colcon.colcon_core.shell:Creating prefix util module '/home/max/ros2_ws/install/_local_setup_util_ps1.py'
[1.460s] INFO:colcon.colcon_core.shell:Creating prefix chain script '/home/max/ros2_ws/install/setup.ps1'
[1.463s] INFO:colcon.colcon_core.shell:Creating prefix script '/home/max/ros2_ws/install/local_setup.sh'
[1.465s] INFO:colcon.colcon_core.shell:Creating prefix util module '/home/max/ros2_ws/install/_local_setup_util_sh.py'
[1.467s] INFO:colcon.colcon_core.shell:Creating prefix chain script '/home/max/ros2_ws/install/setup.sh'
[1.471s] INFO:colcon.colcon_core.shell:Creating prefix script '/home/max/ros2_ws/install/local_setup.bash'
[1.472s] INFO:colcon.colcon_core.shell:Creating prefix chain script '/home/max/ros2_ws/install/setup.bash'
[1.474s] INFO:colcon.colcon_core.shell:Creating prefix script '/home/max/ros2_ws/install/local_setup.zsh'
[1.475s] INFO:colcon.colcon_core.shell:Creating prefix chain script '/home/max/ros2_ws/install/setup.zsh'
