[0.035s] Invoking command in '/home/max/ros2_ws/build/action_tutorials_interfaces': CMAKE_PREFIX_PATH=${CMAKE_PREFIX_PATH}:/home/max/ros2_ws/install/py_srvcli:/home/max/ros2_ws/install/py_pubsub:/opt/ros/humble /usr/bin/cmake --build /home/max/ros2_ws/build/action_tutorials_interfaces -- -j2 -l2
[0.140s] [  3%] Built target action_tutorials_interfaces__cpp
[0.160s] [35m[1mConsolidate compiler generated dependencies of target action_tutorials_interfaces__rosidl_generator_c[0m
[0.199s] [  3%] Built target ament_cmake_python_copy_action_tutorials_interfaces
[0.206s] [ 12%] Built target action_tutorials_interfaces__rosidl_generator_c
[0.231s] [35m[1mConsolidate compiler generated dependencies of target action_tutorials_interfaces__rosidl_typesupport_cpp[0m
[0.241s] [35m[1mConsolidate compiler generated dependencies of target action_tutorials_interfaces__rosidl_typesupport_fastrtps_cpp[0m
[0.251s] [ 22%] Built target action_tutorials_interfaces__rosidl_typesupport_cpp
[0.271s] [35m[1mConsolidate compiler generated dependencies of target action_tutorials_interfaces__rosidl_typesupport_introspection_cpp[0m
[0.287s] [ 32%] Built target action_tutorials_interfaces__rosidl_typesupport_fastrtps_cpp
[0.301s] [ 41%] Built target action_tutorials_interfaces__rosidl_typesupport_introspection_cpp
[0.328s] [35m[1mConsolidate compiler generated dependencies of target action_tutorials_interfaces__rosidl_typesupport_fastrtps_c[0m
[0.388s] [ 51%] Built target action_tutorials_interfaces__rosidl_typesupport_fastrtps_c
[0.440s] [35m[1mConsolidate compiler generated dependencies of target action_tutorials_interfaces__rosidl_typesupport_introspection_c[0m
[0.488s] [ 61%] Built target action_tutorials_interfaces__rosidl_typesupport_introspection_c
[0.537s] [35m[1mConsolidate compiler generated dependencies of target action_tutorials_interfaces__rosidl_typesupport_c[0m
[0.588s] [ 70%] Built target action_tutorials_interfaces__rosidl_typesupport_c
[0.678s] running egg_info
[0.679s] writing action_tutorials_interfaces.egg-info/PKG-INFO
[0.680s] writing dependency_links to action_tutorials_interfaces.egg-info/dependency_links.txt
[0.680s] writing top-level names to action_tutorials_interfaces.egg-info/top_level.txt
[0.683s] reading manifest file 'action_tutorials_interfaces.egg-info/SOURCES.txt'
[0.684s] writing manifest file 'action_tutorials_interfaces.egg-info/SOURCES.txt'
[0.697s] [ 70%] Built target action_tutorials_interfaces
[0.731s] [ 70%] Built target ament_cmake_python_build_action_tutorials_interfaces_egg
[0.744s] [ 74%] Built target action_tutorials_interfaces__py
[0.759s] [35m[1mConsolidate compiler generated dependencies of target action_tutorials_interfaces__rosidl_generator_py[0m
[0.793s] [ 80%] Built target action_tutorials_interfaces__rosidl_generator_py
[0.812s] [35m[1mConsolidate compiler generated dependencies of target action_tutorials_interfaces__rosidl_typesupport_fastrtps_c__pyext[0m
[0.833s] [35m[1mConsolidate compiler generated dependencies of target action_tutorials_interfaces__rosidl_typesupport_introspection_c__pyext[0m
[0.856s] [ 87%] Built target action_tutorials_interfaces__rosidl_typesupport_fastrtps_c__pyext
[0.869s] [ 93%] Built target action_tutorials_interfaces__rosidl_typesupport_introspection_c__pyext
[0.881s] [35m[1mConsolidate compiler generated dependencies of target action_tutorials_interfaces__rosidl_typesupport_c__pyext[0m
[0.899s] [100%] Built target action_tutorials_interfaces__rosidl_typesupport_c__pyext
[0.915s] Invoked command in '/home/max/ros2_ws/build/action_tutorials_interfaces' returned '0': CMAKE_PREFIX_PATH=${CMAKE_PREFIX_PATH}:/home/max/ros2_ws/install/py_srvcli:/home/max/ros2_ws/install/py_pubsub:/opt/ros/humble /usr/bin/cmake --build /home/max/ros2_ws/build/action_tutorials_interfaces -- -j2 -l2
