[0.041s] Invoking command in '/home/max/ros2_ws/build/action_tutorials_interfaces': CMAKE_PREFIX_PATH=${CMAKE_PREFIX_PATH}:/home/max/ros2_ws/install/py_srvcli:/home/max/ros2_ws/install/py_pubsub:/opt/ros/humble /usr/bin/cmake --build /home/max/ros2_ws/build/action_tutorials_interfaces -- -j2 -l2
[0.182s] [  3%] [34m[1mGenerating C code for ROS interfaces[0m
[0.251s] [  6%] [34m[1mGenerating C++ code for ROS interfaces[0m
[1.168s] [  9%] [32mBuilding C object CMakeFiles/action_tutorials_interfaces__rosidl_generator_c.dir/rosidl_generator_c/action_tutorials_interfaces/action/detail/fibonacci__functions.c.o[0m
[1.254s] [  9%] Built target action_tutorials_interfaces__cpp
[1.309s] [  9%] Built target ament_cmake_python_copy_action_tutorials_interfaces
[1.330s] [ 12%] [34m[1mGenerating C++ type support dispatch for ROS interfaces[0m
[1.451s] [ 16%] [32m[1mLinking C shared library libaction_tutorials_interfaces__rosidl_generator_c.so[0m
[1.509s] [ 16%] Built target action_tutorials_interfaces__rosidl_generator_c
[1.525s] [ 19%] [34m[1mGenerating C++ type support for eProsima Fast-RTPS[0m
[1.713s] [ 22%] [32mBuilding CXX object CMakeFiles/action_tutorials_interfaces__rosidl_typesupport_cpp.dir/rosidl_typesupport_cpp/action_tutorials_interfaces/action/fibonacci__type_support.cpp.o[0m
[1.977s] [ 25%] [32mBuilding CXX object CMakeFiles/action_tutorials_interfaces__rosidl_typesupport_fastrtps_cpp.dir/rosidl_typesupport_fastrtps_cpp/action_tutorials_interfaces/action/detail/dds_fastrtps/fibonacci__type_support.cpp.o[0m
[2.433s] [ 29%] [32m[1mLinking CXX shared library libaction_tutorials_interfaces__rosidl_typesupport_cpp.so[0m
[2.511s] [ 29%] Built target action_tutorials_interfaces__rosidl_typesupport_cpp
[2.531s] [ 32%] [34m[1mGenerating C++ introspection for ROS interfaces[0m
[2.699s] [ 35%] [32m[1mLinking CXX shared library libaction_tutorials_interfaces__rosidl_typesupport_fastrtps_cpp.so[0m
[2.816s] [ 35%] Built target action_tutorials_interfaces__rosidl_typesupport_fastrtps_cpp
[2.976s] [ 38%] [32mBuilding CXX object CMakeFiles/action_tutorials_interfaces__rosidl_typesupport_introspection_cpp.dir/rosidl_typesupport_introspection_cpp/action_tutorials_interfaces/action/detail/fibonacci__type_support.cpp.o[0m
[3.138s] running egg_info
[3.139s] creating action_tutorials_interfaces.egg-info
[3.139s] writing action_tutorials_interfaces.egg-info/PKG-INFO
[3.139s] writing dependency_links to action_tutorials_interfaces.egg-info/dependency_links.txt
[3.140s] writing top-level names to action_tutorials_interfaces.egg-info/top_level.txt
[3.140s] writing manifest file 'action_tutorials_interfaces.egg-info/SOURCES.txt'
[3.144s] reading manifest file 'action_tutorials_interfaces.egg-info/SOURCES.txt'
[3.145s] writing manifest file 'action_tutorials_interfaces.egg-info/SOURCES.txt'
[3.176s] [ 38%] Built target ament_cmake_python_build_action_tutorials_interfaces_egg
[3.192s] [ 41%] [34m[1mGenerating C type support for eProsima Fast-RTPS[0m
[3.677s] [ 45%] [32mBuilding CXX object CMakeFiles/action_tutorials_interfaces__rosidl_typesupport_fastrtps_c.dir/rosidl_typesupport_fastrtps_c/action_tutorials_interfaces/action/detail/fibonacci__type_support_c.cpp.o[0m
[3.896s] [ 48%] [32m[1mLinking CXX shared library libaction_tutorials_interfaces__rosidl_typesupport_introspection_cpp.so[0m
[4.001s] [ 48%] Built target action_tutorials_interfaces__rosidl_typesupport_introspection_cpp
[4.016s] [ 51%] [34m[1mGenerating C introspection for ROS interfaces[0m
[4.229s] [ 54%] [32m[1mLinking CXX shared library libaction_tutorials_interfaces__rosidl_typesupport_fastrtps_c.so[0m
[4.389s] [ 54%] Built target action_tutorials_interfaces__rosidl_typesupport_fastrtps_c
[4.405s] [ 58%] [34m[1mGenerating C type support dispatch for ROS interfaces[0m
[4.544s] [ 61%] [32mBuilding C object CMakeFiles/action_tutorials_interfaces__rosidl_typesupport_introspection_c.dir/rosidl_typesupport_introspection_c/action_tutorials_interfaces/action/detail/fibonacci__type_support.c.o[0m
[4.640s] [ 64%] [32m[1mLinking C shared library libaction_tutorials_interfaces__rosidl_typesupport_introspection_c.so[0m
[4.696s] [ 64%] Built target action_tutorials_interfaces__rosidl_typesupport_introspection_c
[4.796s] [ 67%] [32mBuilding CXX object CMakeFiles/action_tutorials_interfaces__rosidl_typesupport_c.dir/rosidl_typesupport_c/action_tutorials_interfaces/action/fibonacci__type_support.cpp.o[0m
[4.857s] [ 70%] [32m[1mLinking CXX shared library libaction_tutorials_interfaces__rosidl_typesupport_c.so[0m
[4.909s] [ 70%] Built target action_tutorials_interfaces__rosidl_typesupport_c
[4.931s] [ 70%] Built target action_tutorials_interfaces
[4.983s] [ 74%] [34m[1mGenerating Python code for ROS interfaces[0m
[5.985s] [ 74%] Built target action_tutorials_interfaces__py
[6.009s] [ 77%] [32mBuilding C object CMakeFiles/action_tutorials_interfaces__rosidl_generator_py.dir/rosidl_generator_py/action_tutorials_interfaces/action/_fibonacci_s.c.o[0m
[6.324s] [ 80%] [32m[1mLinking C shared library rosidl_generator_py/action_tutorials_interfaces/libaction_tutorials_interfaces__rosidl_generator_py.so[0m
[6.404s] [ 80%] Built target action_tutorials_interfaces__rosidl_generator_py
[6.437s] [ 83%] [32mBuilding C object CMakeFiles/action_tutorials_interfaces__rosidl_typesupport_introspection_c__pyext.dir/rosidl_generator_py/action_tutorials_interfaces/_action_tutorials_interfaces_s.ep.rosidl_typesupport_introspection_c.c.o[0m
[6.444s] [ 87%] [32mBuilding C object CMakeFiles/action_tutorials_interfaces__rosidl_typesupport_fastrtps_c__pyext.dir/rosidl_generator_py/action_tutorials_interfaces/_action_tutorials_interfaces_s.ep.rosidl_typesupport_fastrtps_c.c.o[0m
[6.595s] [ 90%] [32m[1mLinking C shared library rosidl_generator_py/action_tutorials_interfaces/action_tutorials_interfaces_s__rosidl_typesupport_introspection_c.cpython-310-x86_64-linux-gnu.so[0m
[6.616s] [ 93%] [32m[1mLinking C shared library rosidl_generator_py/action_tutorials_interfaces/action_tutorials_interfaces_s__rosidl_typesupport_fastrtps_c.cpython-310-x86_64-linux-gnu.so[0m
[6.656s] [ 93%] Built target action_tutorials_interfaces__rosidl_typesupport_introspection_c__pyext
[6.681s] [ 93%] Built target action_tutorials_interfaces__rosidl_typesupport_fastrtps_c__pyext
[6.688s] [ 96%] [32mBuilding C object CMakeFiles/action_tutorials_interfaces__rosidl_typesupport_c__pyext.dir/rosidl_generator_py/action_tutorials_interfaces/_action_tutorials_interfaces_s.ep.rosidl_typesupport_c.c.o[0m
[6.866s] [100%] [32m[1mLinking C shared library rosidl_generator_py/action_tutorials_interfaces/action_tutorials_interfaces_s__rosidl_typesupport_c.cpython-310-x86_64-linux-gnu.so[0m
[6.971s] [100%] Built target action_tutorials_interfaces__rosidl_typesupport_c__pyext
