[0.016s] Invoking command in '/home/max/ros2_ws/build/turtlesim': CMAKE_PREFIX_PATH=/opt/ros/humble /usr/bin/cmake /home/max/ros2_ws/src/ros_tutorials/turtlesim -DCMAKE_INSTALL_PREFIX=/home/max/ros2_ws/install/turtlesim
[0.200s] -- The C compiler identification is GNU 11.2.0
[0.364s] -- The CXX compiler identification is GNU 11.2.0
[0.379s] -- Detecting C compiler ABI info
[0.488s] -- Detecting C compiler ABI info - done
[0.496s] -- Check for working C compiler: /usr/bin/cc - skipped
[0.497s] -- Detecting C compile features
[0.499s] -- Detecting C compile features - done
[0.503s] -- Detecting CXX compiler ABI info
[0.602s] -- Detecting CXX compiler ABI info - done
[0.614s] -- Check for working CXX compiler: /usr/bin/c++ - skipped
[0.615s] -- Detecting CXX compile features
[0.616s] -- Detecting CXX compile features - done
[0.629s] -- Found ament_cmake: 1.3.2 (/opt/ros/humble/share/ament_cmake/cmake)
[0.773s] -- Found Python3: /usr/bin/python3.10 (found version "3.10.6") found components: Interpreter 
[0.869s] -- Found ament_index_cpp: 1.4.0 (/opt/ros/humble/share/ament_index_cpp/cmake)
[0.872s] -- Found geometry_msgs: 4.2.2 (/opt/ros/humble/share/geometry_msgs/cmake)
[0.922s] -- Found rosidl_generator_c: 3.1.3 (/opt/ros/humble/share/rosidl_generator_c/cmake)
[0.931s] -- Found rosidl_adapter: 3.1.3 (/opt/ros/humble/share/rosidl_adapter/cmake)
[0.945s] -- Found rosidl_generator_cpp: 3.1.3 (/opt/ros/humble/share/rosidl_generator_cpp/cmake)
[0.972s] -- Using all available rosidl_typesupport_c: rosidl_typesupport_fastrtps_c;rosidl_typesupport_introspection_c
[0.999s] -- Using all available rosidl_typesupport_cpp: rosidl_typesupport_fastrtps_cpp;rosidl_typesupport_introspection_cpp
[1.151s] -- Found rclcpp: 16.0.1 (/opt/ros/humble/share/rclcpp/cmake)
[1.227s] -- Found rmw_implementation_cmake: 6.1.0 (/opt/ros/humble/share/rmw_implementation_cmake/cmake)
[1.231s] -- Found rmw_fastrtps_cpp: 6.2.1 (/opt/ros/humble/share/rmw_fastrtps_cpp/cmake)
[1.348s] -- Found OpenSSL: /usr/lib/x86_64-linux-gnu/libcrypto.so (found version "3.0.2")  
[1.372s] -- Found FastRTPS: /opt/ros/humble/include  
[1.407s] -- Using RMW implementation 'rmw_fastrtps_cpp' as default
[1.529s] -- Found rclcpp_action: 16.0.1 (/opt/ros/humble/share/rclcpp_action/cmake)
[1.630s] -- Found rosidl_default_generators: 1.2.0 (/opt/ros/humble/share/rosidl_default_generators/cmake)
[1.645s] -- Found std_srvs: 4.2.2 (/opt/ros/humble/share/std_srvs/cmake)
[1.991s] -- Found ament_cmake_ros: 0.10.0 (/opt/ros/humble/share/ament_cmake_ros/cmake)
[2.267s] -- Using all available rosidl_typesupport_c: rosidl_typesupport_fastrtps_c;rosidl_typesupport_introspection_c
[2.375s] -- Using all available rosidl_typesupport_cpp: rosidl_typesupport_fastrtps_cpp;rosidl_typesupport_introspection_cpp
[2.401s] -- Found PythonInterp: /usr/bin/python3 (found suitable version "3.10.6", minimum required is "3.6") 
[2.404s] -- Found python_cmake_module: 0.10.0 (/opt/ros/humble/share/python_cmake_module/cmake)
[2.435s] -- Found PythonLibs: /usr/lib/x86_64-linux-gnu/libpython3.10.so (found suitable version "3.10.6", minimum required is "3.5") 
[2.435s] -- Using PYTHON_EXECUTABLE: /usr/bin/python3
[2.435s] -- Using PYTHON_INCLUDE_DIRS: /usr/include/python3.10
[2.435s] -- Using PYTHON_LIBRARIES: /usr/lib/x86_64-linux-gnu/libpython3.10.so
[2.455s] -- Found PythonExtra: .so  
[2.514s] -- Configuring done
[2.578s] -- Generating done
[2.582s] -- Build files have been written to: /home/max/ros2_ws/build/turtlesim
[2.592s] Invoked command in '/home/max/ros2_ws/build/turtlesim' returned '0': CMAKE_PREFIX_PATH=/opt/ros/humble /usr/bin/cmake /home/max/ros2_ws/src/ros_tutorials/turtlesim -DCMAKE_INSTALL_PREFIX=/home/max/ros2_ws/install/turtlesim
[2.592s] Invoking command in '/home/max/ros2_ws/build/turtlesim': CMAKE_PREFIX_PATH=/opt/ros/humble /usr/bin/cmake --build /home/max/ros2_ws/build/turtlesim -- -j2 -l2
[2.631s] [  1%] [34m[1mGenerating C code for ROS interfaces[0m
[2.641s] [  2%] [34m[1mGenerating C++ code for ROS interfaces[0m
[3.898s] [  2%] Built target turtlesim__cpp
[3.927s] [  2%] Built target ament_cmake_python_copy_turtlesim
[3.942s] [  3%] [34m[1mGenerating C++ type support dispatch for ROS interfaces[0m
[3.994s] [  4%] [32mBuilding C object CMakeFiles/turtlesim__rosidl_generator_c.dir/rosidl_generator_c/turtlesim/action/detail/rotate_absolute__functions.c.o[0m
[4.131s] [  5%] [32mBuilding C object CMakeFiles/turtlesim__rosidl_generator_c.dir/rosidl_generator_c/turtlesim/msg/detail/color__functions.c.o[0m
[4.170s] [  6%] [32mBuilding C object CMakeFiles/turtlesim__rosidl_generator_c.dir/rosidl_generator_c/turtlesim/msg/detail/pose__functions.c.o[0m
[4.209s] [  7%] [32mBuilding C object CMakeFiles/turtlesim__rosidl_generator_c.dir/rosidl_generator_c/turtlesim/srv/detail/kill__functions.c.o[0m
[4.259s] [  8%] [32mBuilding C object CMakeFiles/turtlesim__rosidl_generator_c.dir/rosidl_generator_c/turtlesim/srv/detail/set_pen__functions.c.o[0m
[4.344s] [  9%] [32mBuilding C object CMakeFiles/turtlesim__rosidl_generator_c.dir/rosidl_generator_c/turtlesim/srv/detail/spawn__functions.c.o[0m
[4.406s] [ 10%] [32mBuilding C object CMakeFiles/turtlesim__rosidl_generator_c.dir/rosidl_generator_c/turtlesim/srv/detail/teleport_absolute__functions.c.o[0m
[4.431s] [ 11%] [32mBuilding CXX object CMakeFiles/turtlesim__rosidl_typesupport_cpp.dir/rosidl_typesupport_cpp/turtlesim/action/rotate_absolute__type_support.cpp.o[0m
[4.479s] [ 12%] [32mBuilding C object CMakeFiles/turtlesim__rosidl_generator_c.dir/rosidl_generator_c/turtlesim/srv/detail/teleport_relative__functions.c.o[0m
[4.535s] [ 13%] [32m[1mLinking C shared library libturtlesim__rosidl_generator_c.so[0m
[4.583s] [ 13%] Built target turtlesim__rosidl_generator_c
[4.617s] [ 14%] [34m[1mGenerating C++ type support for eProsima Fast-RTPS[0m
[5.057s] [ 15%] [32mBuilding CXX object CMakeFiles/turtlesim__rosidl_typesupport_cpp.dir/rosidl_typesupport_cpp/turtlesim/msg/color__type_support.cpp.o[0m
[5.226s] [ 16%] [32mBuilding CXX object CMakeFiles/turtlesim__rosidl_typesupport_fastrtps_cpp.dir/rosidl_typesupport_fastrtps_cpp/turtlesim/action/detail/dds_fastrtps/rotate_absolute__type_support.cpp.o[0m
[5.249s] [ 17%] [32mBuilding CXX object CMakeFiles/turtlesim__rosidl_typesupport_cpp.dir/rosidl_typesupport_cpp/turtlesim/msg/pose__type_support.cpp.o[0m
[5.449s] [ 18%] [32mBuilding CXX object CMakeFiles/turtlesim__rosidl_typesupport_cpp.dir/rosidl_typesupport_cpp/turtlesim/srv/kill__type_support.cpp.o[0m
[5.792s] [ 19%] [32mBuilding CXX object CMakeFiles/turtlesim__rosidl_typesupport_cpp.dir/rosidl_typesupport_cpp/turtlesim/srv/set_pen__type_support.cpp.o[0m
[5.825s] [ 20%] [32mBuilding CXX object CMakeFiles/turtlesim__rosidl_typesupport_fastrtps_cpp.dir/rosidl_typesupport_fastrtps_cpp/turtlesim/msg/detail/dds_fastrtps/color__type_support.cpp.o[0m
[6.076s] [ 21%] [32mBuilding CXX object CMakeFiles/turtlesim__rosidl_typesupport_cpp.dir/rosidl_typesupport_cpp/turtlesim/srv/spawn__type_support.cpp.o[0m
[6.236s] [ 22%] [32mBuilding CXX object CMakeFiles/turtlesim__rosidl_typesupport_fastrtps_cpp.dir/rosidl_typesupport_fastrtps_cpp/turtlesim/msg/detail/dds_fastrtps/pose__type_support.cpp.o[0m
[6.353s] [ 23%] [32mBuilding CXX object CMakeFiles/turtlesim__rosidl_typesupport_cpp.dir/rosidl_typesupport_cpp/turtlesim/srv/teleport_absolute__type_support.cpp.o[0m
[6.636s] [ 24%] [32mBuilding CXX object CMakeFiles/turtlesim__rosidl_typesupport_cpp.dir/rosidl_typesupport_cpp/turtlesim/srv/teleport_relative__type_support.cpp.o[0m
[6.646s] [ 25%] [32mBuilding CXX object CMakeFiles/turtlesim__rosidl_typesupport_fastrtps_cpp.dir/rosidl_typesupport_fastrtps_cpp/turtlesim/srv/detail/dds_fastrtps/kill__type_support.cpp.o[0m
[6.920s] [ 26%] [32m[1mLinking CXX shared library libturtlesim__rosidl_typesupport_cpp.so[0m
[6.979s] [ 26%] Built target turtlesim__rosidl_typesupport_cpp
[6.990s] [ 27%] [34m[1mGenerating C introspection for ROS interfaces[0m
[7.036s] [ 28%] [32mBuilding CXX object CMakeFiles/turtlesim__rosidl_typesupport_fastrtps_cpp.dir/rosidl_typesupport_fastrtps_cpp/turtlesim/srv/detail/dds_fastrtps/set_pen__type_support.cpp.o[0m
[7.317s] [ 29%] [32mBuilding CXX object CMakeFiles/turtlesim__rosidl_typesupport_fastrtps_cpp.dir/rosidl_typesupport_fastrtps_cpp/turtlesim/srv/detail/dds_fastrtps/spawn__type_support.cpp.o[0m
[7.699s] [ 30%] [32mBuilding C object CMakeFiles/turtlesim__rosidl_typesupport_introspection_c.dir/rosidl_typesupport_introspection_c/turtlesim/action/detail/rotate_absolute__type_support.c.o[0m
[7.729s] [ 31%] [32mBuilding CXX object CMakeFiles/turtlesim__rosidl_typesupport_fastrtps_cpp.dir/rosidl_typesupport_fastrtps_cpp/turtlesim/srv/detail/dds_fastrtps/teleport_absolute__type_support.cpp.o[0m
[7.758s] [ 32%] [32mBuilding C object CMakeFiles/turtlesim__rosidl_typesupport_introspection_c.dir/rosidl_typesupport_introspection_c/turtlesim/msg/detail/color__type_support.c.o[0m
[7.797s] [ 33%] [32mBuilding C object CMakeFiles/turtlesim__rosidl_typesupport_introspection_c.dir/rosidl_typesupport_introspection_c/turtlesim/msg/detail/pose__type_support.c.o[0m
[7.837s] [ 34%] [32mBuilding C object CMakeFiles/turtlesim__rosidl_typesupport_introspection_c.dir/rosidl_typesupport_introspection_c/turtlesim/srv/detail/kill__type_support.c.o[0m
[7.886s] [ 35%] [32mBuilding C object CMakeFiles/turtlesim__rosidl_typesupport_introspection_c.dir/rosidl_typesupport_introspection_c/turtlesim/srv/detail/set_pen__type_support.c.o[0m
[7.932s] [ 36%] [32mBuilding C object CMakeFiles/turtlesim__rosidl_typesupport_introspection_c.dir/rosidl_typesupport_introspection_c/turtlesim/srv/detail/spawn__type_support.c.o[0m
[7.981s] [ 37%] [32mBuilding C object CMakeFiles/turtlesim__rosidl_typesupport_introspection_c.dir/rosidl_typesupport_introspection_c/turtlesim/srv/detail/teleport_absolute__type_support.c.o[0m
[8.025s] [ 38%] [32mBuilding C object CMakeFiles/turtlesim__rosidl_typesupport_introspection_c.dir/rosidl_typesupport_introspection_c/turtlesim/srv/detail/teleport_relative__type_support.c.o[0m
[8.072s] [ 39%] [32m[1mLinking C shared library libturtlesim__rosidl_typesupport_introspection_c.so[0m
[8.126s] [ 39%] Built target turtlesim__rosidl_typesupport_introspection_c
[8.137s] [ 40%] [32mBuilding CXX object CMakeFiles/turtlesim__rosidl_typesupport_fastrtps_cpp.dir/rosidl_typesupport_fastrtps_cpp/turtlesim/srv/detail/dds_fastrtps/teleport_relative__type_support.cpp.o[0m
[8.139s] [ 41%] [34m[1mGenerating C type support dispatch for ROS interfaces[0m
[8.494s] [ 42%] [32m[1mLinking CXX shared library libturtlesim__rosidl_typesupport_fastrtps_cpp.so[0m
[8.558s] [ 42%] Built target turtlesim__rosidl_typesupport_fastrtps_cpp
[8.568s] [ 43%] [34m[1mGenerating C++ introspection for ROS interfaces[0m
[8.613s] [ 44%] [32mBuilding CXX object CMakeFiles/turtlesim__rosidl_typesupport_c.dir/rosidl_typesupport_c/turtlesim/action/rotate_absolute__type_support.cpp.o[0m
[8.662s] [ 45%] [32mBuilding CXX object CMakeFiles/turtlesim__rosidl_typesupport_c.dir/rosidl_typesupport_c/turtlesim/msg/color__type_support.cpp.o[0m
[8.690s] [ 46%] [32mBuilding CXX object CMakeFiles/turtlesim__rosidl_typesupport_c.dir/rosidl_typesupport_c/turtlesim/msg/pose__type_support.cpp.o[0m
[8.719s] [ 47%] [32mBuilding CXX object CMakeFiles/turtlesim__rosidl_typesupport_c.dir/rosidl_typesupport_c/turtlesim/srv/kill__type_support.cpp.o[0m
[8.746s] [ 48%] [32mBuilding CXX object CMakeFiles/turtlesim__rosidl_typesupport_c.dir/rosidl_typesupport_c/turtlesim/srv/set_pen__type_support.cpp.o[0m
[8.775s] [ 49%] [32mBuilding CXX object CMakeFiles/turtlesim__rosidl_typesupport_c.dir/rosidl_typesupport_c/turtlesim/srv/spawn__type_support.cpp.o[0m
[8.804s] [ 50%] [32mBuilding CXX object CMakeFiles/turtlesim__rosidl_typesupport_c.dir/rosidl_typesupport_c/turtlesim/srv/teleport_absolute__type_support.cpp.o[0m
[8.831s] [ 51%] [32mBuilding CXX object CMakeFiles/turtlesim__rosidl_typesupport_c.dir/rosidl_typesupport_c/turtlesim/srv/teleport_relative__type_support.cpp.o[0m
[8.860s] [ 52%] [32m[1mLinking CXX shared library libturtlesim__rosidl_typesupport_c.so[0m
[8.924s] [ 52%] Built target turtlesim__rosidl_typesupport_c
[9.177s] running egg_info
[9.178s] creating turtlesim.egg-info
[9.179s] writing turtlesim.egg-info/PKG-INFO
[9.179s] writing dependency_links to turtlesim.egg-info/dependency_links.txt
[9.179s] writing top-level names to turtlesim.egg-info/top_level.txt
[9.180s] writing manifest file 'turtlesim.egg-info/SOURCES.txt'
[9.183s] reading manifest file 'turtlesim.egg-info/SOURCES.txt'
[9.183s] writing manifest file 'turtlesim.egg-info/SOURCES.txt'
[9.207s] [ 52%] Built target ament_cmake_python_build_turtlesim_egg
[9.229s] [ 53%] [34m[1mGenerating include/turtlesim/moc_turtle_frame.cpp[0m
[9.241s] [ 54%] [32mBuilding CXX object CMakeFiles/turtlesim__rosidl_typesupport_introspection_cpp.dir/rosidl_typesupport_introspection_cpp/turtlesim/action/detail/rotate_absolute__type_support.cpp.o[0m
[9.372s] [ 55%] [32mBuilding CXX object CMakeFiles/turtlesim_node.dir/src/turtlesim.cpp.o[0m
[9.813s] [ 56%] [32mBuilding CXX object CMakeFiles/turtlesim__rosidl_typesupport_introspection_cpp.dir/rosidl_typesupport_introspection_cpp/turtlesim/msg/detail/color__type_support.cpp.o[0m
[10.078s] [ 57%] [32mBuilding CXX object CMakeFiles/turtlesim__rosidl_typesupport_introspection_cpp.dir/rosidl_typesupport_introspection_cpp/turtlesim/msg/detail/pose__type_support.cpp.o[0m
[10.571s] [ 58%] [32mBuilding CXX object CMakeFiles/turtlesim__rosidl_typesupport_introspection_cpp.dir/rosidl_typesupport_introspection_cpp/turtlesim/srv/detail/kill__type_support.cpp.o[0m
[11.038s] [ 59%] [32mBuilding CXX object CMakeFiles/turtlesim__rosidl_typesupport_introspection_cpp.dir/rosidl_typesupport_introspection_cpp/turtlesim/srv/detail/set_pen__type_support.cpp.o[0m
[11.419s] [ 60%] [32mBuilding CXX object CMakeFiles/turtlesim__rosidl_typesupport_introspection_cpp.dir/rosidl_typesupport_introspection_cpp/turtlesim/srv/detail/spawn__type_support.cpp.o[0m
[11.802s] [ 61%] [32mBuilding CXX object CMakeFiles/turtlesim__rosidl_typesupport_introspection_cpp.dir/rosidl_typesupport_introspection_cpp/turtlesim/srv/detail/teleport_absolute__type_support.cpp.o[0m
[12.125s] [ 62%] [32mBuilding CXX object CMakeFiles/turtlesim__rosidl_typesupport_introspection_cpp.dir/rosidl_typesupport_introspection_cpp/turtlesim/srv/detail/teleport_relative__type_support.cpp.o[0m
[12.525s] [ 63%] [32m[1mLinking CXX shared library libturtlesim__rosidl_typesupport_introspection_cpp.so[0m
[12.610s] [ 63%] Built target turtlesim__rosidl_typesupport_introspection_cpp
[12.636s] [ 64%] [32mBuilding CXX object CMakeFiles/turtle_teleop_key.dir/tutorials/teleop_turtle_key.cpp.o[0m
[14.062s] [ 65%] [32mBuilding CXX object CMakeFiles/turtlesim_node.dir/src/turtle.cpp.o[0m
[18.406s] [ 66%] [32m[1mLinking CXX executable turtle_teleop_key[0m
[18.664s] [ 66%] Built target turtle_teleop_key
[18.674s] [ 67%] [32mBuilding CXX object CMakeFiles/turtlesim_node.dir/src/turtle_frame.cpp.o[0m
[25.208s] [ 68%] [32mBuilding CXX object CMakeFiles/turtlesim_node.dir/include/turtlesim/moc_turtle_frame.cpp.o[0m
[29.091s] [ 69%] [32mBuilding CXX object CMakeFiles/draw_square.dir/tutorials/draw_square.cpp.o[0m
[29.245s] [ 70%] [32m[1mLinking CXX executable turtlesim_node[0m
[30.984s] [ 70%] Built target turtlesim_node
[31.010s] [ 71%] [32mBuilding CXX object CMakeFiles/mimic.dir/tutorials/mimic.cpp.o[0m
[36.832s] [ 72%] [32m[1mLinking CXX executable draw_square[0m
[37.290s] [ 72%] Built target draw_square
[37.312s] [ 73%] [34m[1mGenerating C type support for eProsima Fast-RTPS[0m
[38.128s] [ 74%] [32mBuilding CXX object CMakeFiles/turtlesim__rosidl_typesupport_fastrtps_c.dir/rosidl_typesupport_fastrtps_c/turtlesim/action/detail/rotate_absolute__type_support_c.cpp.o[0m
[38.428s] [ 75%] [32mBuilding CXX object CMakeFiles/turtlesim__rosidl_typesupport_fastrtps_c.dir/rosidl_typesupport_fastrtps_c/turtlesim/msg/detail/color__type_support_c.cpp.o[0m
[38.443s] [ 76%] [32m[1mLinking CXX executable mimic[0m
[38.748s] [ 77%] [32mBuilding CXX object CMakeFiles/turtlesim__rosidl_typesupport_fastrtps_c.dir/rosidl_typesupport_fastrtps_c/turtlesim/msg/detail/pose__type_support_c.cpp.o[0m
[38.861s] [ 77%] Built target mimic
[38.874s] [ 78%] [32mBuilding CXX object CMakeFiles/turtlesim__rosidl_typesupport_fastrtps_c.dir/rosidl_typesupport_fastrtps_c/turtlesim/srv/detail/kill__type_support_c.cpp.o[0m
[39.074s] [ 79%] [32mBuilding CXX object CMakeFiles/turtlesim__rosidl_typesupport_fastrtps_c.dir/rosidl_typesupport_fastrtps_c/turtlesim/srv/detail/set_pen__type_support_c.cpp.o[0m
[39.269s] [ 80%] [32mBuilding CXX object CMakeFiles/turtlesim__rosidl_typesupport_fastrtps_c.dir/rosidl_typesupport_fastrtps_c/turtlesim/srv/detail/spawn__type_support_c.cpp.o[0m
[39.379s] [ 81%] [32mBuilding CXX object CMakeFiles/turtlesim__rosidl_typesupport_fastrtps_c.dir/rosidl_typesupport_fastrtps_c/turtlesim/srv/detail/teleport_absolute__type_support_c.cpp.o[0m
[39.528s] [ 82%] [32mBuilding CXX object CMakeFiles/turtlesim__rosidl_typesupport_fastrtps_c.dir/rosidl_typesupport_fastrtps_c/turtlesim/srv/detail/teleport_relative__type_support_c.cpp.o[0m
[39.782s] [ 83%] [32m[1mLinking CXX shared library libturtlesim__rosidl_typesupport_fastrtps_c.so[0m
[39.854s] [ 83%] Built target turtlesim__rosidl_typesupport_fastrtps_c
[39.876s] [ 83%] Built target turtlesim
[39.900s] [ 84%] [34m[1mGenerating Python code for ROS interfaces[0m
[41.217s] [ 84%] Built target turtlesim__py
[41.236s] [ 85%] [32mBuilding C object CMakeFiles/turtlesim__rosidl_generator_py.dir/rosidl_generator_py/turtlesim/action/_rotate_absolute_s.c.o[0m
[41.237s] [ 86%] [32mBuilding C object CMakeFiles/turtlesim__rosidl_generator_py.dir/rosidl_generator_py/turtlesim/msg/_color_s.c.o[0m
[41.369s] [ 87%] [32mBuilding C object CMakeFiles/turtlesim__rosidl_generator_py.dir/rosidl_generator_py/turtlesim/msg/_pose_s.c.o[0m
[41.400s] [ 88%] [32mBuilding C object CMakeFiles/turtlesim__rosidl_generator_py.dir/rosidl_generator_py/turtlesim/srv/_kill_s.c.o[0m
[41.450s] [ 89%] [32mBuilding C object CMakeFiles/turtlesim__rosidl_generator_py.dir/rosidl_generator_py/turtlesim/srv/_set_pen_s.c.o[0m
[41.483s] [ 90%] [32mBuilding C object CMakeFiles/turtlesim__rosidl_generator_py.dir/rosidl_generator_py/turtlesim/srv/_spawn_s.c.o[0m
[41.534s] [ 91%] [32mBuilding C object CMakeFiles/turtlesim__rosidl_generator_py.dir/rosidl_generator_py/turtlesim/srv/_teleport_absolute_s.c.o[0m
[41.568s] [ 92%] [32mBuilding C object CMakeFiles/turtlesim__rosidl_generator_py.dir/rosidl_generator_py/turtlesim/srv/_teleport_relative_s.c.o[0m
[41.652s] [ 93%] [32m[1mLinking C shared library rosidl_generator_py/turtlesim/libturtlesim__rosidl_generator_py.so[0m
[41.694s] [ 93%] Built target turtlesim__rosidl_generator_py
[41.713s] [ 94%] [32mBuilding C object CMakeFiles/turtlesim__rosidl_typesupport_introspection_c__pyext.dir/rosidl_generator_py/turtlesim/_turtlesim_s.ep.rosidl_typesupport_introspection_c.c.o[0m
[41.714s] [ 95%] [32mBuilding C object CMakeFiles/turtlesim__rosidl_typesupport_fastrtps_c__pyext.dir/rosidl_generator_py/turtlesim/_turtlesim_s.ep.rosidl_typesupport_fastrtps_c.c.o[0m
[41.896s] [ 96%] [32m[1mLinking C shared library rosidl_generator_py/turtlesim/turtlesim_s__rosidl_typesupport_fastrtps_c.cpython-310-x86_64-linux-gnu.so[0m
[41.904s] [ 97%] [32m[1mLinking C shared library rosidl_generator_py/turtlesim/turtlesim_s__rosidl_typesupport_introspection_c.cpython-310-x86_64-linux-gnu.so[0m
[41.939s] [ 97%] Built target turtlesim__rosidl_typesupport_fastrtps_c__pyext
[41.942s] [ 97%] Built target turtlesim__rosidl_typesupport_introspection_c__pyext
[41.959s] [ 98%] [32mBuilding C object CMakeFiles/turtlesim__rosidl_typesupport_c__pyext.dir/rosidl_generator_py/turtlesim/_turtlesim_s.ep.rosidl_typesupport_c.c.o[0m
[42.101s] [100%] [32m[1mLinking C shared library rosidl_generator_py/turtlesim/turtlesim_s__rosidl_typesupport_c.cpython-310-x86_64-linux-gnu.so[0m
[42.137s] [100%] Built target turtlesim__rosidl_typesupport_c__pyext
[42.149s] Invoked command in '/home/max/ros2_ws/build/turtlesim' returned '0': CMAKE_PREFIX_PATH=/opt/ros/humble /usr/bin/cmake --build /home/max/ros2_ws/build/turtlesim -- -j2 -l2
[42.561s] Invoking command in '/home/max/ros2_ws/build/turtlesim': CMAKE_PREFIX_PATH=/opt/ros/humble /usr/bin/cmake --install /home/max/ros2_ws/build/turtlesim
[42.569s] -- Install configuration: ""
[42.570s] -- Installing: /home/max/ros2_ws/install/turtlesim/share/ament_index/resource_index/rosidl_interfaces/turtlesim
[42.572s] -- Installing: /home/max/ros2_ws/install/turtlesim/include/turtlesim/turtlesim
[42.572s] -- Installing: /home/max/ros2_ws/install/turtlesim/include/turtlesim/turtlesim/msg
[42.572s] -- Installing: /home/max/ros2_ws/install/turtlesim/include/turtlesim/turtlesim/msg/detail
[42.572s] -- Installing: /home/max/ros2_ws/install/turtlesim/include/turtlesim/turtlesim/msg/detail/color__functions.h
[42.572s] -- Installing: /home/max/ros2_ws/install/turtlesim/include/turtlesim/turtlesim/msg/detail/color__functions.c
[42.572s] -- Installing: /home/max/ros2_ws/install/turtlesim/include/turtlesim/turtlesim/msg/detail/pose__type_support.h
[42.572s] -- Installing: /home/max/ros2_ws/install/turtlesim/include/turtlesim/turtlesim/msg/detail/color__struct.h
[42.572s] -- Installing: /home/max/ros2_ws/install/turtlesim/include/turtlesim/turtlesim/msg/detail/pose__functions.c
[42.573s] -- Installing: /home/max/ros2_ws/install/turtlesim/include/turtlesim/turtlesim/msg/detail/pose__functions.h
[42.573s] -- Installing: /home/max/ros2_ws/install/turtlesim/include/turtlesim/turtlesim/msg/detail/color__type_support.h
[42.573s] -- Installing: /home/max/ros2_ws/install/turtlesim/include/turtlesim/turtlesim/msg/detail/pose__struct.h
[42.573s] -- Installing: /home/max/ros2_ws/install/turtlesim/include/turtlesim/turtlesim/msg/rosidl_generator_c__visibility_control.h
[42.574s] -- Installing: /home/max/ros2_ws/install/turtlesim/include/turtlesim/turtlesim/msg/pose.h
[42.574s] -- Installing: /home/max/ros2_ws/install/turtlesim/include/turtlesim/turtlesim/msg/color.h
[42.575s] -- Installing: /home/max/ros2_ws/install/turtlesim/include/turtlesim/turtlesim/action
[42.575s] -- Installing: /home/max/ros2_ws/install/turtlesim/include/turtlesim/turtlesim/action/detail
[42.575s] -- Installing: /home/max/ros2_ws/install/turtlesim/include/turtlesim/turtlesim/action/detail/rotate_absolute__functions.c
[42.576s] -- Installing: /home/max/ros2_ws/install/turtlesim/include/turtlesim/turtlesim/action/detail/rotate_absolute__struct.h
[42.576s] -- Installing: /home/max/ros2_ws/install/turtlesim/include/turtlesim/turtlesim/action/detail/rotate_absolute__type_support.h
[42.576s] -- Installing: /home/max/ros2_ws/install/turtlesim/include/turtlesim/turtlesim/action/detail/rotate_absolute__functions.h
[42.576s] -- Installing: /home/max/ros2_ws/install/turtlesim/include/turtlesim/turtlesim/action/rotate_absolute.h
[42.577s] -- Installing: /home/max/ros2_ws/install/turtlesim/include/turtlesim/turtlesim/srv
[42.577s] -- Installing: /home/max/ros2_ws/install/turtlesim/include/turtlesim/turtlesim/srv/spawn.h
[42.577s] -- Installing: /home/max/ros2_ws/install/turtlesim/include/turtlesim/turtlesim/srv/teleport_relative.h
[42.577s] -- Installing: /home/max/ros2_ws/install/turtlesim/include/turtlesim/turtlesim/srv/detail
[42.577s] -- Installing: /home/max/ros2_ws/install/turtlesim/include/turtlesim/turtlesim/srv/detail/set_pen__functions.c
[42.578s] -- Installing: /home/max/ros2_ws/install/turtlesim/include/turtlesim/turtlesim/srv/detail/set_pen__type_support.h
[42.578s] -- Installing: /home/max/ros2_ws/install/turtlesim/include/turtlesim/turtlesim/srv/detail/spawn__functions.c
[42.578s] -- Installing: /home/max/ros2_ws/install/turtlesim/include/turtlesim/turtlesim/srv/detail/teleport_absolute__functions.h
[42.579s] -- Installing: /home/max/ros2_ws/install/turtlesim/include/turtlesim/turtlesim/srv/detail/spawn__functions.h
[42.579s] -- Installing: /home/max/ros2_ws/install/turtlesim/include/turtlesim/turtlesim/srv/detail/kill__functions.h
[42.579s] -- Installing: /home/max/ros2_ws/install/turtlesim/include/turtlesim/turtlesim/srv/detail/teleport_relative__type_support.h
[42.579s] -- Installing: /home/max/ros2_ws/install/turtlesim/include/turtlesim/turtlesim/srv/detail/teleport_relative__functions.h
[42.579s] -- Installing: /home/max/ros2_ws/install/turtlesim/include/turtlesim/turtlesim/srv/detail/kill__functions.c
[42.580s] -- Installing: /home/max/ros2_ws/install/turtlesim/include/turtlesim/turtlesim/srv/detail/kill__struct.h
[42.580s] -- Installing: /home/max/ros2_ws/install/turtlesim/include/turtlesim/turtlesim/srv/detail/teleport_absolute__type_support.h
[42.580s] -- Installing: /home/max/ros2_ws/install/turtlesim/include/turtlesim/turtlesim/srv/detail/spawn__type_support.h
[42.580s] -- Installing: /home/max/ros2_ws/install/turtlesim/include/turtlesim/turtlesim/srv/detail/set_pen__struct.h
[42.580s] -- Installing: /home/max/ros2_ws/install/turtlesim/include/turtlesim/turtlesim/srv/detail/teleport_relative__functions.c
[42.581s] -- Installing: /home/max/ros2_ws/install/turtlesim/include/turtlesim/turtlesim/srv/detail/teleport_absolute__functions.c
[42.581s] -- Installing: /home/max/ros2_ws/install/turtlesim/include/turtlesim/turtlesim/srv/detail/teleport_relative__struct.h
[42.581s] -- Installing: /home/max/ros2_ws/install/turtlesim/include/turtlesim/turtlesim/srv/detail/kill__type_support.h
[42.581s] -- Installing: /home/max/ros2_ws/install/turtlesim/include/turtlesim/turtlesim/srv/detail/set_pen__functions.h
[42.582s] -- Installing: /home/max/ros2_ws/install/turtlesim/include/turtlesim/turtlesim/srv/detail/spawn__struct.h
[42.582s] -- Installing: /home/max/ros2_ws/install/turtlesim/include/turtlesim/turtlesim/srv/detail/teleport_absolute__struct.h
[42.582s] -- Installing: /home/max/ros2_ws/install/turtlesim/include/turtlesim/turtlesim/srv/teleport_absolute.h
[42.582s] -- Installing: /home/max/ros2_ws/install/turtlesim/include/turtlesim/turtlesim/srv/kill.h
[42.582s] -- Installing: /home/max/ros2_ws/install/turtlesim/include/turtlesim/turtlesim/srv/set_pen.h
[42.582s] -- Installing: /home/max/ros2_ws/install/turtlesim/share/turtlesim/environment/library_path.sh
[42.583s] -- Installing: /home/max/ros2_ws/install/turtlesim/share/turtlesim/environment/library_path.dsv
[42.584s] -- Installing: /home/max/ros2_ws/install/turtlesim/lib/libturtlesim__rosidl_generator_c.so
[42.585s] -- Set runtime path of "/home/max/ros2_ws/install/turtlesim/lib/libturtlesim__rosidl_generator_c.so" to ""
[42.585s] -- Up-to-date: /home/max/ros2_ws/install/turtlesim/include/turtlesim/turtlesim
[42.585s] -- Up-to-date: /home/max/ros2_ws/install/turtlesim/include/turtlesim/turtlesim/msg
[42.585s] -- Up-to-date: /home/max/ros2_ws/install/turtlesim/include/turtlesim/turtlesim/msg/detail
[42.585s] -- Installing: /home/max/ros2_ws/install/turtlesim/include/turtlesim/turtlesim/msg/detail/pose__rosidl_typesupport_fastrtps_c.h
[42.585s] -- Installing: /home/max/ros2_ws/install/turtlesim/include/turtlesim/turtlesim/msg/detail/color__rosidl_typesupport_fastrtps_c.h
[42.586s] -- Installing: /home/max/ros2_ws/install/turtlesim/include/turtlesim/turtlesim/msg/rosidl_typesupport_fastrtps_c__visibility_control.h
[42.586s] -- Up-to-date: /home/max/ros2_ws/install/turtlesim/include/turtlesim/turtlesim/action
[42.586s] -- Up-to-date: /home/max/ros2_ws/install/turtlesim/include/turtlesim/turtlesim/action/detail
[42.586s] -- Installing: /home/max/ros2_ws/install/turtlesim/include/turtlesim/turtlesim/action/detail/rotate_absolute__rosidl_typesupport_fastrtps_c.h
[42.586s] -- Up-to-date: /home/max/ros2_ws/install/turtlesim/include/turtlesim/turtlesim/srv
[42.587s] -- Up-to-date: /home/max/ros2_ws/install/turtlesim/include/turtlesim/turtlesim/srv/detail
[42.587s] -- Installing: /home/max/ros2_ws/install/turtlesim/include/turtlesim/turtlesim/srv/detail/spawn__rosidl_typesupport_fastrtps_c.h
[42.587s] -- Installing: /home/max/ros2_ws/install/turtlesim/include/turtlesim/turtlesim/srv/detail/teleport_relative__rosidl_typesupport_fastrtps_c.h
[42.587s] -- Installing: /home/max/ros2_ws/install/turtlesim/include/turtlesim/turtlesim/srv/detail/kill__rosidl_typesupport_fastrtps_c.h
[42.587s] -- Installing: /home/max/ros2_ws/install/turtlesim/include/turtlesim/turtlesim/srv/detail/teleport_absolute__rosidl_typesupport_fastrtps_c.h
[42.587s] -- Installing: /home/max/ros2_ws/install/turtlesim/include/turtlesim/turtlesim/srv/detail/set_pen__rosidl_typesupport_fastrtps_c.h
[42.587s] -- Installing: /home/max/ros2_ws/install/turtlesim/lib/libturtlesim__rosidl_typesupport_fastrtps_c.so
[42.588s] -- Set runtime path of "/home/max/ros2_ws/install/turtlesim/lib/libturtlesim__rosidl_typesupport_fastrtps_c.so" to ""
[42.588s] -- Up-to-date: /home/max/ros2_ws/install/turtlesim/include/turtlesim/turtlesim
[42.588s] -- Up-to-date: /home/max/ros2_ws/install/turtlesim/include/turtlesim/turtlesim/msg
[42.588s] -- Installing: /home/max/ros2_ws/install/turtlesim/include/turtlesim/turtlesim/msg/pose.hpp
[42.588s] -- Up-to-date: /home/max/ros2_ws/install/turtlesim/include/turtlesim/turtlesim/msg/detail
[42.589s] -- Installing: /home/max/ros2_ws/install/turtlesim/include/turtlesim/turtlesim/msg/detail/pose__builder.hpp
[42.589s] -- Installing: /home/max/ros2_ws/install/turtlesim/include/turtlesim/turtlesim/msg/detail/pose__struct.hpp
[42.589s] -- Installing: /home/max/ros2_ws/install/turtlesim/include/turtlesim/turtlesim/msg/detail/color__traits.hpp
[42.589s] -- Installing: /home/max/ros2_ws/install/turtlesim/include/turtlesim/turtlesim/msg/detail/color__struct.hpp
[42.589s] -- Installing: /home/max/ros2_ws/install/turtlesim/include/turtlesim/turtlesim/msg/detail/color__builder.hpp
[42.589s] -- Installing: /home/max/ros2_ws/install/turtlesim/include/turtlesim/turtlesim/msg/detail/pose__traits.hpp
[42.589s] -- Installing: /home/max/ros2_ws/install/turtlesim/include/turtlesim/turtlesim/msg/color.hpp
[42.590s] -- Up-to-date: /home/max/ros2_ws/install/turtlesim/include/turtlesim/turtlesim/action
[42.590s] -- Up-to-date: /home/max/ros2_ws/install/turtlesim/include/turtlesim/turtlesim/action/detail
[42.590s] -- Installing: /home/max/ros2_ws/install/turtlesim/include/turtlesim/turtlesim/action/detail/rotate_absolute__struct.hpp
[42.590s] -- Installing: /home/max/ros2_ws/install/turtlesim/include/turtlesim/turtlesim/action/detail/rotate_absolute__builder.hpp
[42.590s] -- Installing: /home/max/ros2_ws/install/turtlesim/include/turtlesim/turtlesim/action/detail/rotate_absolute__traits.hpp
[42.590s] -- Installing: /home/max/ros2_ws/install/turtlesim/include/turtlesim/turtlesim/action/rotate_absolute.hpp
[42.590s] -- Up-to-date: /home/max/ros2_ws/install/turtlesim/include/turtlesim/turtlesim/srv
[42.591s] -- Installing: /home/max/ros2_ws/install/turtlesim/include/turtlesim/turtlesim/srv/teleport_absolute.hpp
[42.591s] -- Installing: /home/max/ros2_ws/install/turtlesim/include/turtlesim/turtlesim/srv/teleport_relative.hpp
[42.591s] -- Up-to-date: /home/max/ros2_ws/install/turtlesim/include/turtlesim/turtlesim/srv/detail
[42.591s] -- Installing: /home/max/ros2_ws/install/turtlesim/include/turtlesim/turtlesim/srv/detail/set_pen__traits.hpp
[42.591s] -- Installing: /home/max/ros2_ws/install/turtlesim/include/turtlesim/turtlesim/srv/detail/teleport_absolute__traits.hpp
[42.591s] -- Installing: /home/max/ros2_ws/install/turtlesim/include/turtlesim/turtlesim/srv/detail/teleport_absolute__builder.hpp
[42.591s] -- Installing: /home/max/ros2_ws/install/turtlesim/include/turtlesim/turtlesim/srv/detail/set_pen__struct.hpp
[42.592s] -- Installing: /home/max/ros2_ws/install/turtlesim/include/turtlesim/turtlesim/srv/detail/set_pen__builder.hpp
[42.592s] -- Installing: /home/max/ros2_ws/install/turtlesim/include/turtlesim/turtlesim/srv/detail/teleport_relative__struct.hpp
[42.592s] -- Installing: /home/max/ros2_ws/install/turtlesim/include/turtlesim/turtlesim/srv/detail/kill__builder.hpp
[42.592s] -- Installing: /home/max/ros2_ws/install/turtlesim/include/turtlesim/turtlesim/srv/detail/kill__traits.hpp
[42.592s] -- Installing: /home/max/ros2_ws/install/turtlesim/include/turtlesim/turtlesim/srv/detail/teleport_relative__builder.hpp
[42.592s] -- Installing: /home/max/ros2_ws/install/turtlesim/include/turtlesim/turtlesim/srv/detail/teleport_absolute__struct.hpp
[42.593s] -- Installing: /home/max/ros2_ws/install/turtlesim/include/turtlesim/turtlesim/srv/detail/kill__struct.hpp
[42.593s] -- Installing: /home/max/ros2_ws/install/turtlesim/include/turtlesim/turtlesim/srv/detail/spawn__struct.hpp
[42.593s] -- Installing: /home/max/ros2_ws/install/turtlesim/include/turtlesim/turtlesim/srv/detail/spawn__traits.hpp
[42.593s] -- Installing: /home/max/ros2_ws/install/turtlesim/include/turtlesim/turtlesim/srv/detail/teleport_relative__traits.hpp
[42.593s] -- Installing: /home/max/ros2_ws/install/turtlesim/include/turtlesim/turtlesim/srv/detail/spawn__builder.hpp
[42.593s] -- Installing: /home/max/ros2_ws/install/turtlesim/include/turtlesim/turtlesim/srv/set_pen.hpp
[42.593s] -- Installing: /home/max/ros2_ws/install/turtlesim/include/turtlesim/turtlesim/srv/kill.hpp
[42.594s] -- Installing: /home/max/ros2_ws/install/turtlesim/include/turtlesim/turtlesim/srv/spawn.hpp
[42.594s] -- Up-to-date: /home/max/ros2_ws/install/turtlesim/include/turtlesim/turtlesim
[42.594s] -- Up-to-date: /home/max/ros2_ws/install/turtlesim/include/turtlesim/turtlesim/msg
[42.594s] -- Installing: /home/max/ros2_ws/install/turtlesim/include/turtlesim/turtlesim/msg/rosidl_typesupport_fastrtps_cpp__visibility_control.h
[42.594s] -- Up-to-date: /home/max/ros2_ws/install/turtlesim/include/turtlesim/turtlesim/msg/detail
[42.594s] -- Installing: /home/max/ros2_ws/install/turtlesim/include/turtlesim/turtlesim/msg/detail/color__rosidl_typesupport_fastrtps_cpp.hpp
[42.595s] -- Installing: /home/max/ros2_ws/install/turtlesim/include/turtlesim/turtlesim/msg/detail/dds_fastrtps
[42.595s] -- Installing: /home/max/ros2_ws/install/turtlesim/include/turtlesim/turtlesim/msg/detail/pose__rosidl_typesupport_fastrtps_cpp.hpp
[42.595s] -- Up-to-date: /home/max/ros2_ws/install/turtlesim/include/turtlesim/turtlesim/action
[42.596s] -- Up-to-date: /home/max/ros2_ws/install/turtlesim/include/turtlesim/turtlesim/action/detail
[42.596s] -- Installing: /home/max/ros2_ws/install/turtlesim/include/turtlesim/turtlesim/action/detail/rotate_absolute__rosidl_typesupport_fastrtps_cpp.hpp
[42.596s] -- Installing: /home/max/ros2_ws/install/turtlesim/include/turtlesim/turtlesim/action/detail/dds_fastrtps
[42.596s] -- Up-to-date: /home/max/ros2_ws/install/turtlesim/include/turtlesim/turtlesim/srv
[42.597s] -- Up-to-date: /home/max/ros2_ws/install/turtlesim/include/turtlesim/turtlesim/srv/detail
[42.597s] -- Installing: /home/max/ros2_ws/install/turtlesim/include/turtlesim/turtlesim/srv/detail/spawn__rosidl_typesupport_fastrtps_cpp.hpp
[42.597s] -- Installing: /home/max/ros2_ws/install/turtlesim/include/turtlesim/turtlesim/srv/detail/teleport_relative__rosidl_typesupport_fastrtps_cpp.hpp
[42.598s] -- Installing: /home/max/ros2_ws/install/turtlesim/include/turtlesim/turtlesim/srv/detail/set_pen__rosidl_typesupport_fastrtps_cpp.hpp
[42.598s] -- Installing: /home/max/ros2_ws/install/turtlesim/include/turtlesim/turtlesim/srv/detail/teleport_absolute__rosidl_typesupport_fastrtps_cpp.hpp
[42.598s] -- Installing: /home/max/ros2_ws/install/turtlesim/include/turtlesim/turtlesim/srv/detail/kill__rosidl_typesupport_fastrtps_cpp.hpp
[42.599s] -- Installing: /home/max/ros2_ws/install/turtlesim/include/turtlesim/turtlesim/srv/detail/dds_fastrtps
[42.599s] -- Installing: /home/max/ros2_ws/install/turtlesim/lib/libturtlesim__rosidl_typesupport_fastrtps_cpp.so
[42.600s] -- Set runtime path of "/home/max/ros2_ws/install/turtlesim/lib/libturtlesim__rosidl_typesupport_fastrtps_cpp.so" to ""
[42.601s] -- Up-to-date: /home/max/ros2_ws/install/turtlesim/include/turtlesim/turtlesim
[42.601s] -- Up-to-date: /home/max/ros2_ws/install/turtlesim/include/turtlesim/turtlesim/msg
[42.601s] -- Up-to-date: /home/max/ros2_ws/install/turtlesim/include/turtlesim/turtlesim/msg/detail
[42.601s] -- Installing: /home/max/ros2_ws/install/turtlesim/include/turtlesim/turtlesim/msg/detail/pose__rosidl_typesupport_introspection_c.h
[42.601s] -- Installing: /home/max/ros2_ws/install/turtlesim/include/turtlesim/turtlesim/msg/detail/pose__type_support.c
[42.602s] -- Installing: /home/max/ros2_ws/install/turtlesim/include/turtlesim/turtlesim/msg/detail/color__type_support.c
[42.602s] -- Installing: /home/max/ros2_ws/install/turtlesim/include/turtlesim/turtlesim/msg/detail/color__rosidl_typesupport_introspection_c.h
[42.602s] -- Installing: /home/max/ros2_ws/install/turtlesim/include/turtlesim/turtlesim/msg/rosidl_typesupport_introspection_c__visibility_control.h
[42.603s] -- Up-to-date: /home/max/ros2_ws/install/turtlesim/include/turtlesim/turtlesim/action
[42.603s] -- Up-to-date: /home/max/ros2_ws/install/turtlesim/include/turtlesim/turtlesim/action/detail
[42.603s] -- Installing: /home/max/ros2_ws/install/turtlesim/include/turtlesim/turtlesim/action/detail/rotate_absolute__type_support.c
[42.603s] -- Installing: /home/max/ros2_ws/install/turtlesim/include/turtlesim/turtlesim/action/detail/rotate_absolute__rosidl_typesupport_introspection_c.h
[42.604s] -- Up-to-date: /home/max/ros2_ws/install/turtlesim/include/turtlesim/turtlesim/srv
[42.604s] -- Up-to-date: /home/max/ros2_ws/install/turtlesim/include/turtlesim/turtlesim/srv/detail
[42.604s] -- Installing: /home/max/ros2_ws/install/turtlesim/include/turtlesim/turtlesim/srv/detail/spawn__type_support.c
[42.604s] -- Installing: /home/max/ros2_ws/install/turtlesim/include/turtlesim/turtlesim/srv/detail/spawn__rosidl_typesupport_introspection_c.h
[42.605s] -- Installing: /home/max/ros2_ws/install/turtlesim/include/turtlesim/turtlesim/srv/detail/teleport_relative__rosidl_typesupport_introspection_c.h
[42.605s] -- Installing: /home/max/ros2_ws/install/turtlesim/include/turtlesim/turtlesim/srv/detail/set_pen__rosidl_typesupport_introspection_c.h
[42.605s] -- Installing: /home/max/ros2_ws/install/turtlesim/include/turtlesim/turtlesim/srv/detail/kill__type_support.c
[42.606s] -- Installing: /home/max/ros2_ws/install/turtlesim/include/turtlesim/turtlesim/srv/detail/teleport_absolute__rosidl_typesupport_introspection_c.h
[42.606s] -- Installing: /home/max/ros2_ws/install/turtlesim/include/turtlesim/turtlesim/srv/detail/teleport_relative__type_support.c
[42.606s] -- Installing: /home/max/ros2_ws/install/turtlesim/include/turtlesim/turtlesim/srv/detail/set_pen__type_support.c
[42.607s] -- Installing: /home/max/ros2_ws/install/turtlesim/include/turtlesim/turtlesim/srv/detail/kill__rosidl_typesupport_introspection_c.h
[42.607s] -- Installing: /home/max/ros2_ws/install/turtlesim/include/turtlesim/turtlesim/srv/detail/teleport_absolute__type_support.c
[42.607s] -- Installing: /home/max/ros2_ws/install/turtlesim/lib/libturtlesim__rosidl_typesupport_introspection_c.so
[42.608s] -- Set runtime path of "/home/max/ros2_ws/install/turtlesim/lib/libturtlesim__rosidl_typesupport_introspection_c.so" to ""
[42.608s] -- Installing: /home/max/ros2_ws/install/turtlesim/lib/libturtlesim__rosidl_typesupport_c.so
[42.609s] -- Set runtime path of "/home/max/ros2_ws/install/turtlesim/lib/libturtlesim__rosidl_typesupport_c.so" to ""
[42.609s] -- Up-to-date: /home/max/ros2_ws/install/turtlesim/include/turtlesim/turtlesim
[42.609s] -- Up-to-date: /home/max/ros2_ws/install/turtlesim/include/turtlesim/turtlesim/msg
[42.609s] -- Up-to-date: /home/max/ros2_ws/install/turtlesim/include/turtlesim/turtlesim/msg/detail
[42.609s] -- Installing: /home/max/ros2_ws/install/turtlesim/include/turtlesim/turtlesim/msg/detail/color__type_support.cpp
[42.610s] -- Installing: /home/max/ros2_ws/install/turtlesim/include/turtlesim/turtlesim/msg/detail/color__rosidl_typesupport_introspection_cpp.hpp
[42.610s] -- Installing: /home/max/ros2_ws/install/turtlesim/include/turtlesim/turtlesim/msg/detail/pose__type_support.cpp
[42.610s] -- Installing: /home/max/ros2_ws/install/turtlesim/include/turtlesim/turtlesim/msg/detail/pose__rosidl_typesupport_introspection_cpp.hpp
[42.611s] -- Up-to-date: /home/max/ros2_ws/install/turtlesim/include/turtlesim/turtlesim/action
[42.611s] -- Up-to-date: /home/max/ros2_ws/install/turtlesim/include/turtlesim/turtlesim/action/detail
[42.611s] -- Installing: /home/max/ros2_ws/install/turtlesim/include/turtlesim/turtlesim/action/detail/rotate_absolute__rosidl_typesupport_introspection_cpp.hpp
[42.611s] -- Installing: /home/max/ros2_ws/install/turtlesim/include/turtlesim/turtlesim/action/detail/rotate_absolute__type_support.cpp
[42.612s] -- Up-to-date: /home/max/ros2_ws/install/turtlesim/include/turtlesim/turtlesim/srv
[42.612s] -- Up-to-date: /home/max/ros2_ws/install/turtlesim/include/turtlesim/turtlesim/srv/detail
[42.612s] -- Installing: /home/max/ros2_ws/install/turtlesim/include/turtlesim/turtlesim/srv/detail/kill__type_support.cpp
[42.613s] -- Installing: /home/max/ros2_ws/install/turtlesim/include/turtlesim/turtlesim/srv/detail/spawn__rosidl_typesupport_introspection_cpp.hpp
[42.613s] -- Installing: /home/max/ros2_ws/install/turtlesim/include/turtlesim/turtlesim/srv/detail/teleport_absolute__rosidl_typesupport_introspection_cpp.hpp
[42.614s] -- Installing: /home/max/ros2_ws/install/turtlesim/include/turtlesim/turtlesim/srv/detail/spawn__type_support.cpp
[42.614s] -- Installing: /home/max/ros2_ws/install/turtlesim/include/turtlesim/turtlesim/srv/detail/set_pen__type_support.cpp
[42.614s] -- Installing: /home/max/ros2_ws/install/turtlesim/include/turtlesim/turtlesim/srv/detail/teleport_relative__type_support.cpp
[42.615s] -- Installing: /home/max/ros2_ws/install/turtlesim/include/turtlesim/turtlesim/srv/detail/teleport_relative__rosidl_typesupport_introspection_cpp.hpp
[42.615s] -- Installing: /home/max/ros2_ws/install/turtlesim/include/turtlesim/turtlesim/srv/detail/teleport_absolute__type_support.cpp
[42.616s] -- Installing: /home/max/ros2_ws/install/turtlesim/include/turtlesim/turtlesim/srv/detail/set_pen__rosidl_typesupport_introspection_cpp.hpp
[42.616s] -- Installing: /home/max/ros2_ws/install/turtlesim/include/turtlesim/turtlesim/srv/detail/kill__rosidl_typesupport_introspection_cpp.hpp
[42.617s] -- Installing: /home/max/ros2_ws/install/turtlesim/lib/libturtlesim__rosidl_typesupport_introspection_cpp.so
[42.618s] -- Set runtime path of "/home/max/ros2_ws/install/turtlesim/lib/libturtlesim__rosidl_typesupport_introspection_cpp.so" to ""
[42.618s] -- Installing: /home/max/ros2_ws/install/turtlesim/lib/libturtlesim__rosidl_typesupport_cpp.so
[42.619s] -- Set runtime path of "/home/max/ros2_ws/install/turtlesim/lib/libturtlesim__rosidl_typesupport_cpp.so" to ""
[42.619s] -- Installing: /home/max/ros2_ws/install/turtlesim/share/turtlesim/environment/pythonpath.sh
[42.619s] -- Installing: /home/max/ros2_ws/install/turtlesim/share/turtlesim/environment/pythonpath.dsv
[42.620s] -- Installing: /home/max/ros2_ws/install/turtlesim/local/lib/python3.10/dist-packages/turtlesim-1.4.1-py3.10.egg-info
[42.621s] -- Installing: /home/max/ros2_ws/install/turtlesim/local/lib/python3.10/dist-packages/turtlesim-1.4.1-py3.10.egg-info/top_level.txt
[42.621s] -- Installing: /home/max/ros2_ws/install/turtlesim/local/lib/python3.10/dist-packages/turtlesim-1.4.1-py3.10.egg-info/dependency_links.txt
[42.621s] -- Installing: /home/max/ros2_ws/install/turtlesim/local/lib/python3.10/dist-packages/turtlesim-1.4.1-py3.10.egg-info/PKG-INFO
[42.622s] -- Installing: /home/max/ros2_ws/install/turtlesim/local/lib/python3.10/dist-packages/turtlesim-1.4.1-py3.10.egg-info/SOURCES.txt
[42.622s] -- Installing: /home/max/ros2_ws/install/turtlesim/local/lib/python3.10/dist-packages/turtlesim
[42.622s] -- Installing: /home/max/ros2_ws/install/turtlesim/local/lib/python3.10/dist-packages/turtlesim/libturtlesim__rosidl_generator_py.so
[42.623s] -- Installing: /home/max/ros2_ws/install/turtlesim/local/lib/python3.10/dist-packages/turtlesim/msg
[42.623s] -- Installing: /home/max/ros2_ws/install/turtlesim/local/lib/python3.10/dist-packages/turtlesim/msg/_color_s.c
[42.623s] -- Installing: /home/max/ros2_ws/install/turtlesim/local/lib/python3.10/dist-packages/turtlesim/msg/_color.py
[42.623s] -- Installing: /home/max/ros2_ws/install/turtlesim/local/lib/python3.10/dist-packages/turtlesim/msg/_pose.py
[42.623s] -- Installing: /home/max/ros2_ws/install/turtlesim/local/lib/python3.10/dist-packages/turtlesim/msg/__init__.py
[42.623s] -- Installing: /home/max/ros2_ws/install/turtlesim/local/lib/python3.10/dist-packages/turtlesim/msg/_pose_s.c
[42.623s] -- Installing: /home/max/ros2_ws/install/turtlesim/local/lib/python3.10/dist-packages/turtlesim/turtlesim_s__rosidl_typesupport_c.cpython-310-x86_64-linux-gnu.so
[42.624s] -- Installing: /home/max/ros2_ws/install/turtlesim/local/lib/python3.10/dist-packages/turtlesim/_turtlesim_s.ep.rosidl_typesupport_introspection_c.c
[42.624s] -- Installing: /home/max/ros2_ws/install/turtlesim/local/lib/python3.10/dist-packages/turtlesim/action
[42.624s] -- Installing: /home/max/ros2_ws/install/turtlesim/local/lib/python3.10/dist-packages/turtlesim/action/_rotate_absolute_s.c
[42.624s] -- Installing: /home/max/ros2_ws/install/turtlesim/local/lib/python3.10/dist-packages/turtlesim/action/__init__.py
[42.624s] -- Installing: /home/max/ros2_ws/install/turtlesim/local/lib/python3.10/dist-packages/turtlesim/action/_rotate_absolute.py
[42.625s] -- Installing: /home/max/ros2_ws/install/turtlesim/local/lib/python3.10/dist-packages/turtlesim/turtlesim_s__rosidl_typesupport_introspection_c.cpython-310-x86_64-linux-gnu.so
[42.625s] -- Installing: /home/max/ros2_ws/install/turtlesim/local/lib/python3.10/dist-packages/turtlesim/__init__.py
[42.625s] -- Installing: /home/max/ros2_ws/install/turtlesim/local/lib/python3.10/dist-packages/turtlesim/turtlesim_s__rosidl_typesupport_fastrtps_c.cpython-310-x86_64-linux-gnu.so
[42.625s] -- Installing: /home/max/ros2_ws/install/turtlesim/local/lib/python3.10/dist-packages/turtlesim/_turtlesim_s.ep.rosidl_typesupport_fastrtps_c.c
[42.626s] -- Installing: /home/max/ros2_ws/install/turtlesim/local/lib/python3.10/dist-packages/turtlesim/srv
[42.626s] -- Installing: /home/max/ros2_ws/install/turtlesim/local/lib/python3.10/dist-packages/turtlesim/srv/_teleport_absolute.py
[42.626s] -- Installing: /home/max/ros2_ws/install/turtlesim/local/lib/python3.10/dist-packages/turtlesim/srv/_set_pen_s.c
[42.626s] -- Installing: /home/max/ros2_ws/install/turtlesim/local/lib/python3.10/dist-packages/turtlesim/srv/_teleport_absolute_s.c
[42.626s] -- Installing: /home/max/ros2_ws/install/turtlesim/local/lib/python3.10/dist-packages/turtlesim/srv/_kill_s.c
[42.626s] -- Installing: /home/max/ros2_ws/install/turtlesim/local/lib/python3.10/dist-packages/turtlesim/srv/_kill.py
[42.626s] -- Installing: /home/max/ros2_ws/install/turtlesim/local/lib/python3.10/dist-packages/turtlesim/srv/_teleport_relative.py
[42.627s] -- Installing: /home/max/ros2_ws/install/turtlesim/local/lib/python3.10/dist-packages/turtlesim/srv/_spawn.py
[42.627s] -- Installing: /home/max/ros2_ws/install/turtlesim/local/lib/python3.10/dist-packages/turtlesim/srv/_teleport_relative_s.c
[42.627s] -- Installing: /home/max/ros2_ws/install/turtlesim/local/lib/python3.10/dist-packages/turtlesim/srv/__init__.py
[42.627s] -- Installing: /home/max/ros2_ws/install/turtlesim/local/lib/python3.10/dist-packages/turtlesim/srv/_spawn_s.c
[42.627s] -- Installing: /home/max/ros2_ws/install/turtlesim/local/lib/python3.10/dist-packages/turtlesim/srv/_set_pen.py
[42.627s] -- Installing: /home/max/ros2_ws/install/turtlesim/local/lib/python3.10/dist-packages/turtlesim/_turtlesim_s.ep.rosidl_typesupport_c.c
[42.663s] Listing '/home/max/ros2_ws/install/turtlesim/local/lib/python3.10/dist-packages/turtlesim'...
[42.663s] Compiling '/home/max/ros2_ws/install/turtlesim/local/lib/python3.10/dist-packages/turtlesim/__init__.py'...
[42.663s] Listing '/home/max/ros2_ws/install/turtlesim/local/lib/python3.10/dist-packages/turtlesim/action'...
[42.663s] Compiling '/home/max/ros2_ws/install/turtlesim/local/lib/python3.10/dist-packages/turtlesim/action/__init__.py'...
[42.664s] Compiling '/home/max/ros2_ws/install/turtlesim/local/lib/python3.10/dist-packages/turtlesim/action/_rotate_absolute.py'...
[42.664s] Listing '/home/max/ros2_ws/install/turtlesim/local/lib/python3.10/dist-packages/turtlesim/msg'...
[42.664s] Compiling '/home/max/ros2_ws/install/turtlesim/local/lib/python3.10/dist-packages/turtlesim/msg/__init__.py'...
[42.664s] Compiling '/home/max/ros2_ws/install/turtlesim/local/lib/python3.10/dist-packages/turtlesim/msg/_color.py'...
[42.664s] Compiling '/home/max/ros2_ws/install/turtlesim/local/lib/python3.10/dist-packages/turtlesim/msg/_pose.py'...
[42.664s] Listing '/home/max/ros2_ws/install/turtlesim/local/lib/python3.10/dist-packages/turtlesim/srv'...
[42.664s] Compiling '/home/max/ros2_ws/install/turtlesim/local/lib/python3.10/dist-packages/turtlesim/srv/__init__.py'...
[42.664s] Compiling '/home/max/ros2_ws/install/turtlesim/local/lib/python3.10/dist-packages/turtlesim/srv/_kill.py'...
[42.665s] Compiling '/home/max/ros2_ws/install/turtlesim/local/lib/python3.10/dist-packages/turtlesim/srv/_set_pen.py'...
[42.665s] Compiling '/home/max/ros2_ws/install/turtlesim/local/lib/python3.10/dist-packages/turtlesim/srv/_spawn.py'...
[42.665s] Compiling '/home/max/ros2_ws/install/turtlesim/local/lib/python3.10/dist-packages/turtlesim/srv/_teleport_absolute.py'...
[42.665s] Compiling '/home/max/ros2_ws/install/turtlesim/local/lib/python3.10/dist-packages/turtlesim/srv/_teleport_relative.py'...
[42.666s] -- Installing: /home/max/ros2_ws/install/turtlesim/local/lib/python3.10/dist-packages/turtlesim/turtlesim_s__rosidl_typesupport_fastrtps_c.cpython-310-x86_64-linux-gnu.so
[42.666s] -- Set runtime path of "/home/max/ros2_ws/install/turtlesim/local/lib/python3.10/dist-packages/turtlesim/turtlesim_s__rosidl_typesupport_fastrtps_c.cpython-310-x86_64-linux-gnu.so" to ""
[42.666s] -- Installing: /home/max/ros2_ws/install/turtlesim/local/lib/python3.10/dist-packages/turtlesim/turtlesim_s__rosidl_typesupport_introspection_c.cpython-310-x86_64-linux-gnu.so
[42.667s] -- Set runtime path of "/home/max/ros2_ws/install/turtlesim/local/lib/python3.10/dist-packages/turtlesim/turtlesim_s__rosidl_typesupport_introspection_c.cpython-310-x86_64-linux-gnu.so" to ""
[42.667s] -- Installing: /home/max/ros2_ws/install/turtlesim/local/lib/python3.10/dist-packages/turtlesim/turtlesim_s__rosidl_typesupport_c.cpython-310-x86_64-linux-gnu.so
[42.668s] -- Set runtime path of "/home/max/ros2_ws/install/turtlesim/local/lib/python3.10/dist-packages/turtlesim/turtlesim_s__rosidl_typesupport_c.cpython-310-x86_64-linux-gnu.so" to ""
[42.668s] -- Installing: /home/max/ros2_ws/install/turtlesim/lib/libturtlesim__rosidl_generator_py.so
[42.670s] -- Set runtime path of "/home/max/ros2_ws/install/turtlesim/lib/libturtlesim__rosidl_generator_py.so" to ""
[42.670s] -- Installing: /home/max/ros2_ws/install/turtlesim/share/turtlesim/action/RotateAbsolute.idl
[42.670s] -- Installing: /home/max/ros2_ws/install/turtlesim/share/turtlesim/msg/Color.idl
[42.670s] -- Installing: /home/max/ros2_ws/install/turtlesim/share/turtlesim/msg/Pose.idl
[42.671s] -- Installing: /home/max/ros2_ws/install/turtlesim/share/turtlesim/srv/Kill.idl
[42.671s] -- Installing: /home/max/ros2_ws/install/turtlesim/share/turtlesim/srv/SetPen.idl
[42.672s] -- Installing: /home/max/ros2_ws/install/turtlesim/share/turtlesim/srv/Spawn.idl
[42.672s] -- Installing: /home/max/ros2_ws/install/turtlesim/share/turtlesim/srv/TeleportAbsolute.idl
[42.673s] -- Installing: /home/max/ros2_ws/install/turtlesim/share/turtlesim/srv/TeleportRelative.idl
[42.673s] -- Installing: /home/max/ros2_ws/install/turtlesim/share/turtlesim/action/RotateAbsolute.action
[42.673s] -- Installing: /home/max/ros2_ws/install/turtlesim/share/turtlesim/msg/Color.msg
[42.673s] -- Installing: /home/max/ros2_ws/install/turtlesim/share/turtlesim/msg/Pose.msg
[42.673s] -- Installing: /home/max/ros2_ws/install/turtlesim/share/turtlesim/srv/Kill.srv
[42.674s] -- Installing: /home/max/ros2_ws/install/turtlesim/share/turtlesim/srv/Kill_Request.msg
[42.675s] -- Installing: /home/max/ros2_ws/install/turtlesim/share/turtlesim/srv/Kill_Response.msg
[42.675s] -- Installing: /home/max/ros2_ws/install/turtlesim/share/turtlesim/srv/SetPen.srv
[42.675s] -- Installing: /home/max/ros2_ws/install/turtlesim/share/turtlesim/srv/SetPen_Request.msg
[42.676s] -- Installing: /home/max/ros2_ws/install/turtlesim/share/turtlesim/srv/SetPen_Response.msg
[42.676s] -- Installing: /home/max/ros2_ws/install/turtlesim/share/turtlesim/srv/Spawn.srv
[42.677s] -- Installing: /home/max/ros2_ws/install/turtlesim/share/turtlesim/srv/Spawn_Request.msg
[42.677s] -- Installing: /home/max/ros2_ws/install/turtlesim/share/turtlesim/srv/Spawn_Response.msg
[42.678s] -- Installing: /home/max/ros2_ws/install/turtlesim/share/turtlesim/srv/TeleportAbsolute.srv
[42.678s] -- Installing: /home/max/ros2_ws/install/turtlesim/share/turtlesim/srv/TeleportAbsolute_Request.msg
[42.679s] -- Installing: /home/max/ros2_ws/install/turtlesim/share/turtlesim/srv/TeleportAbsolute_Response.msg
[42.679s] -- Installing: /home/max/ros2_ws/install/turtlesim/share/turtlesim/srv/TeleportRelative.srv
[42.679s] -- Installing: /home/max/ros2_ws/install/turtlesim/share/turtlesim/srv/TeleportRelative_Request.msg
[42.680s] -- Installing: /home/max/ros2_ws/install/turtlesim/share/turtlesim/srv/TeleportRelative_Response.msg
[42.680s] -- Installing: /home/max/ros2_ws/install/turtlesim/lib/turtlesim/turtlesim_node
[42.690s] -- Set runtime path of "/home/max/ros2_ws/install/turtlesim/lib/turtlesim/turtlesim_node" to ""
[42.690s] -- Installing: /home/max/ros2_ws/install/turtlesim/lib/turtlesim/turtle_teleop_key
[42.694s] -- Set runtime path of "/home/max/ros2_ws/install/turtlesim/lib/turtlesim/turtle_teleop_key" to ""
[42.694s] -- Installing: /home/max/ros2_ws/install/turtlesim/lib/turtlesim/draw_square
[42.699s] -- Set runtime path of "/home/max/ros2_ws/install/turtlesim/lib/turtlesim/draw_square" to ""
[42.700s] -- Installing: /home/max/ros2_ws/install/turtlesim/lib/turtlesim/mimic
[42.703s] -- Set runtime path of "/home/max/ros2_ws/install/turtlesim/lib/turtlesim/mimic" to ""
[42.703s] -- Installing: /home/max/ros2_ws/install/turtlesim/share/turtlesim/images
[42.703s] -- Installing: /home/max/ros2_ws/install/turtlesim/share/turtlesim/images/galactic.png
[42.703s] -- Installing: /home/max/ros2_ws/install/turtlesim/share/turtlesim/images/crystal.png
[42.704s] -- Installing: /home/max/ros2_ws/install/turtlesim/share/turtlesim/images/eloquent.png
[42.704s] -- Installing: /home/max/ros2_ws/install/turtlesim/share/turtlesim/images/dashing.png
[42.704s] -- Installing: /home/max/ros2_ws/install/turtlesim/share/turtlesim/images/humble.png
[42.705s] -- Installing: /home/max/ros2_ws/install/turtlesim/share/turtlesim/images/ardent.png
[42.705s] -- Installing: /home/max/ros2_ws/install/turtlesim/share/turtlesim/images/foxy.png
[42.706s] -- Installing: /home/max/ros2_ws/install/turtlesim/share/turtlesim/images/rolling.png
[42.706s] -- Installing: /home/max/ros2_ws/install/turtlesim/share/turtlesim/images/bouncy.png
[42.707s] -- Installing: /home/max/ros2_ws/install/turtlesim/share/turtlesim/launch
[42.707s] -- Installing: /home/max/ros2_ws/install/turtlesim/share/turtlesim/launch/multisim.launch.py
[42.707s] -- Installing: /home/max/ros2_ws/install/turtlesim/share/ament_index/resource_index/package_run_dependencies/turtlesim
[42.708s] -- Installing: /home/max/ros2_ws/install/turtlesim/share/ament_index/resource_index/parent_prefix_path/turtlesim
[42.708s] -- Installing: /home/max/ros2_ws/install/turtlesim/share/turtlesim/environment/ament_prefix_path.sh
[42.709s] -- Installing: /home/max/ros2_ws/install/turtlesim/share/turtlesim/environment/ament_prefix_path.dsv
[42.709s] -- Installing: /home/max/ros2_ws/install/turtlesim/share/turtlesim/environment/path.sh
[42.709s] -- Installing: /home/max/ros2_ws/install/turtlesim/share/turtlesim/environment/path.dsv
[42.710s] -- Installing: /home/max/ros2_ws/install/turtlesim/share/turtlesim/local_setup.bash
[42.710s] -- Installing: /home/max/ros2_ws/install/turtlesim/share/turtlesim/local_setup.sh
[42.710s] -- Installing: /home/max/ros2_ws/install/turtlesim/share/turtlesim/local_setup.zsh
[42.711s] -- Installing: /home/max/ros2_ws/install/turtlesim/share/turtlesim/local_setup.dsv
[42.711s] -- Installing: /home/max/ros2_ws/install/turtlesim/share/turtlesim/package.dsv
[42.711s] -- Installing: /home/max/ros2_ws/install/turtlesim/share/ament_index/resource_index/packages/turtlesim
[42.711s] -- Installing: /home/max/ros2_ws/install/turtlesim/share/turtlesim/cmake/export_turtlesim__rosidl_generator_cExport.cmake
[42.712s] -- Installing: /home/max/ros2_ws/install/turtlesim/share/turtlesim/cmake/export_turtlesim__rosidl_generator_cExport-noconfig.cmake
[42.712s] -- Installing: /home/max/ros2_ws/install/turtlesim/share/turtlesim/cmake/export_turtlesim__rosidl_typesupport_fastrtps_cExport.cmake
[42.712s] -- Installing: /home/max/ros2_ws/install/turtlesim/share/turtlesim/cmake/export_turtlesim__rosidl_typesupport_fastrtps_cExport-noconfig.cmake
[42.713s] -- Installing: /home/max/ros2_ws/install/turtlesim/share/turtlesim/cmake/export_turtlesim__rosidl_generator_cppExport.cmake
[42.713s] -- Installing: /home/max/ros2_ws/install/turtlesim/share/turtlesim/cmake/export_turtlesim__rosidl_typesupport_fastrtps_cppExport.cmake
[42.713s] -- Installing: /home/max/ros2_ws/install/turtlesim/share/turtlesim/cmake/export_turtlesim__rosidl_typesupport_fastrtps_cppExport-noconfig.cmake
[42.714s] -- Installing: /home/max/ros2_ws/install/turtlesim/share/turtlesim/cmake/turtlesim__rosidl_typesupport_introspection_cExport.cmake
[42.714s] -- Installing: /home/max/ros2_ws/install/turtlesim/share/turtlesim/cmake/turtlesim__rosidl_typesupport_introspection_cExport-noconfig.cmake
[42.714s] -- Installing: /home/max/ros2_ws/install/turtlesim/share/turtlesim/cmake/turtlesim__rosidl_typesupport_cExport.cmake
[42.714s] -- Installing: /home/max/ros2_ws/install/turtlesim/share/turtlesim/cmake/turtlesim__rosidl_typesupport_cExport-noconfig.cmake
[42.715s] -- Installing: /home/max/ros2_ws/install/turtlesim/share/turtlesim/cmake/turtlesim__rosidl_typesupport_introspection_cppExport.cmake
[42.715s] -- Installing: /home/max/ros2_ws/install/turtlesim/share/turtlesim/cmake/turtlesim__rosidl_typesupport_introspection_cppExport-noconfig.cmake
[42.715s] -- Installing: /home/max/ros2_ws/install/turtlesim/share/turtlesim/cmake/turtlesim__rosidl_typesupport_cppExport.cmake
[42.716s] -- Installing: /home/max/ros2_ws/install/turtlesim/share/turtlesim/cmake/turtlesim__rosidl_typesupport_cppExport-noconfig.cmake
[42.716s] -- Installing: /home/max/ros2_ws/install/turtlesim/share/turtlesim/cmake/export_turtlesim__rosidl_generator_pyExport.cmake
[42.716s] -- Installing: /home/max/ros2_ws/install/turtlesim/share/turtlesim/cmake/export_turtlesim__rosidl_generator_pyExport-noconfig.cmake
[42.717s] -- Installing: /home/max/ros2_ws/install/turtlesim/share/turtlesim/cmake/rosidl_cmake-extras.cmake
[42.717s] -- Installing: /home/max/ros2_ws/install/turtlesim/share/turtlesim/cmake/ament_cmake_export_dependencies-extras.cmake
[42.717s] -- Installing: /home/max/ros2_ws/install/turtlesim/share/turtlesim/cmake/ament_cmake_export_include_directories-extras.cmake
[42.717s] -- Installing: /home/max/ros2_ws/install/turtlesim/share/turtlesim/cmake/ament_cmake_export_libraries-extras.cmake
[42.718s] -- Installing: /home/max/ros2_ws/install/turtlesim/share/turtlesim/cmake/ament_cmake_export_targets-extras.cmake
[42.718s] -- Installing: /home/max/ros2_ws/install/turtlesim/share/turtlesim/cmake/rosidl_cmake_export_typesupport_targets-extras.cmake
[42.718s] -- Installing: /home/max/ros2_ws/install/turtlesim/share/turtlesim/cmake/rosidl_cmake_export_typesupport_libraries-extras.cmake
[42.718s] -- Installing: /home/max/ros2_ws/install/turtlesim/share/turtlesim/cmake/turtlesimConfig.cmake
[42.719s] -- Installing: /home/max/ros2_ws/install/turtlesim/share/turtlesim/cmake/turtlesimConfig-version.cmake
[42.719s] -- Installing: /home/max/ros2_ws/install/turtlesim/share/turtlesim/package.xml
[42.721s] Invoked command in '/home/max/ros2_ws/build/turtlesim' returned '0': CMAKE_PREFIX_PATH=/opt/ros/humble /usr/bin/cmake --install /home/max/ros2_ws/build/turtlesim
