[0.716s] Invoking command in '/home/max/launch_ws/src/py_launch_example': PYTHONPATH=/home/max/launch_ws/install/py_launch_example/lib/python3.10/site-packages:${PYTHONPATH} /usr/bin/python3 setup.py egg_info --egg-base ../../build/py_launch_example build --build-base /home/max/launch_ws/build/py_launch_example/build install --prefix /home/max/launch_ws/install/py_launch_example --record /home/max/launch_ws/build/py_launch_example/install.log --single-version-externally-managed
[0.961s] running egg_info
[0.962s] creating ../../build/py_launch_example/py_launch_example.egg-info
[0.962s] writing ../../build/py_launch_example/py_launch_example.egg-info/PKG-INFO
[0.962s] writing dependency_links to ../../build/py_launch_example/py_launch_example.egg-info/dependency_links.txt
[0.962s] writing entry points to ../../build/py_launch_example/py_launch_example.egg-info/entry_points.txt
[0.963s] writing requirements to ../../build/py_launch_example/py_launch_example.egg-info/requires.txt
[0.963s] writing top-level names to ../../build/py_launch_example/py_launch_example.egg-info/top_level.txt
[0.963s] writing manifest file '../../build/py_launch_example/py_launch_example.egg-info/SOURCES.txt'
[0.964s] reading manifest file '../../build/py_launch_example/py_launch_example.egg-info/SOURCES.txt'
[0.964s] writing manifest file '../../build/py_launch_example/py_launch_example.egg-info/SOURCES.txt'
[0.965s] running build
[0.965s] running build_py
[0.965s] creating /home/max/launch_ws/build/py_launch_example/build
[0.965s] creating /home/max/launch_ws/build/py_launch_example/build/lib
[0.965s] creating /home/max/launch_ws/build/py_launch_example/build/lib/py_launch_example
[0.965s] copying py_launch_example/__init__.py -> /home/max/launch_ws/build/py_launch_example/build/lib/py_launch_example
[0.965s] running install
[1.005s] /usr/lib/python3/dist-packages/setuptools/command/install.py:34: SetuptoolsDeprecationWarning: setup.py install is deprecated. Use build and pip and other standards-based tools.
[1.006s]   warnings.warn(
[1.007s] running install_lib
[1.010s] creating /home/max/launch_ws/install/py_launch_example/lib/python3.10/site-packages/py_launch_example
[1.010s] copying /home/max/launch_ws/build/py_launch_example/build/lib/py_launch_example/__init__.py -> /home/max/launch_ws/install/py_launch_example/lib/python3.10/site-packages/py_launch_example
[1.012s] byte-compiling /home/max/launch_ws/install/py_launch_example/lib/python3.10/site-packages/py_launch_example/__init__.py to __init__.cpython-310.pyc
[1.012s] running install_data
[1.014s] creating /home/max/launch_ws/install/py_launch_example/share/ament_index
[1.015s] creating /home/max/launch_ws/install/py_launch_example/share/ament_index/resource_index
[1.016s] creating /home/max/launch_ws/install/py_launch_example/share/ament_index/resource_index/packages
[1.017s] copying resource/py_launch_example -> /home/max/launch_ws/install/py_launch_example/share/ament_index/resource_index/packages
[1.018s] copying package.xml -> /home/max/launch_ws/install/py_launch_example/share/py_launch_example
[1.018s] copying launch/my_script_launch.py -> /home/max/launch_ws/install/py_launch_example/share/py_launch_example
[1.018s] running install_egg_info
[1.020s] Copying ../../build/py_launch_example/py_launch_example.egg-info to /home/max/launch_ws/install/py_launch_example/lib/python3.10/site-packages/py_launch_example-0.0.0-py3.10.egg-info
[1.021s] running install_scripts
[1.039s] writing list of installed files to '/home/max/launch_ws/build/py_launch_example/install.log'
[1.072s] Invoked command in '/home/max/launch_ws/src/py_launch_example' returned '0': PYTHONPATH=/home/max/launch_ws/install/py_launch_example/lib/python3.10/site-packages:${PYTHONPATH} /usr/bin/python3 setup.py egg_info --egg-base ../../build/py_launch_example build --build-base /home/max/launch_ws/build/py_launch_example/build install --prefix /home/max/launch_ws/install/py_launch_example --record /home/max/launch_ws/build/py_launch_example/install.log --single-version-externally-managed
